{
	"/Users/whyit/code/EvenLegion/arbiter-v3/src/config/env/config.ts": {
		"path": "/Users/whyit/code/EvenLegion/arbiter-v3/src/config/env/config.ts",
		"statementMap": {
			"0": { "start": { "line": 6, "column": 21 }, "end": { "line": 44, "column": 2 } },
			"1": { "start": { "line": 15, "column": 3 }, "end": { "line": 16, "column": null } },
			"2": { "start": { "line": 16, "column": 4 }, "end": { "line": 16, "column": null } },
			"3": { "start": { "line": 19, "column": 3 }, "end": { "line": 19, "column": null } },
			"4": { "start": { "line": 31, "column": 3 }, "end": { "line": 38, "column": null } },
			"5": { "start": { "line": 33, "column": 4 }, "end": { "line": 33, "column": null } },
			"6": { "start": { "line": 35, "column": 4 }, "end": { "line": 38, "column": null } },
			"7": { "start": { "line": 46, "column": 15 }, "end": { "line": 46, "column": 42 } },
			"8": { "start": { "line": 48, "column": 0 }, "end": { "line": 50, "column": null } },
			"9": { "start": { "line": 49, "column": 17 }, "end": { "line": 49, "column": 95 } },
			"10": { "start": { "line": 49, "column": 48 }, "end": { "line": 49, "column": 84 } },
			"11": { "start": { "line": 50, "column": 1 }, "end": { "line": 50, "column": null } },
			"12": { "start": { "line": 53, "column": 26 }, "end": { "line": 53, "column": null } }
		},
		"fnMap": {
			"0": {
				"name": "(anonymous_0)",
				"decl": { "start": { "line": 14, "column": 3 }, "end": { "line": 14, "column": 14 } },
				"loc": { "start": { "line": 14, "column": 24 }, "end": { "line": 20, "column": null } },
				"line": 14
			},
			"1": {
				"name": "(anonymous_1)",
				"decl": { "start": { "line": 30, "column": 3 }, "end": { "line": 30, "column": 16 } },
				"loc": { "start": { "line": 30, "column": 31 }, "end": { "line": 40, "column": null } },
				"line": 30
			},
			"2": {
				"name": "(anonymous_2)",
				"decl": { "start": { "line": 49, "column": 37 }, "end": { "line": 49, "column": 42 } },
				"loc": { "start": { "line": 49, "column": 48 }, "end": { "line": 49, "column": 84 } },
				"line": 49
			}
		},
		"branchMap": {
			"0": {
				"loc": { "start": { "line": 15, "column": 3 }, "end": { "line": 16, "column": null } },
				"type": "if",
				"locations": [
					{ "start": { "line": 15, "column": 3 }, "end": { "line": 16, "column": null } },
					{ "start": {}, "end": {} }
				],
				"line": 15
			},
			"1": {
				"loc": { "start": { "line": 48, "column": 0 }, "end": { "line": 50, "column": null } },
				"type": "if",
				"locations": [
					{ "start": { "line": 48, "column": 0 }, "end": { "line": 50, "column": null } },
					{ "start": {}, "end": {} }
				],
				"line": 48
			}
		},
		"s": { "0": 17, "1": 17, "2": 0, "3": 17, "4": 17, "5": 17, "6": 0, "7": 17, "8": 17, "9": 0, "10": 0, "11": 0, "12": 17 },
		"f": { "0": 17, "1": 17, "2": 0 },
		"b": { "0": [0, 17], "1": [0, 17] },
		"meta": {
			"lastBranch": 2,
			"lastFunction": 3,
			"lastStatement": 13,
			"seen": {
				"s:6:21:44:2": 0,
				"f:14:3:14:14": 0,
				"b:15:3:16:Infinity:undefined:undefined:undefined:undefined": 0,
				"s:15:3:16:Infinity": 1,
				"s:16:4:16:Infinity": 2,
				"s:19:3:19:Infinity": 3,
				"f:30:3:30:16": 1,
				"s:31:3:38:Infinity": 4,
				"s:33:4:33:Infinity": 5,
				"s:35:4:38:Infinity": 6,
				"s:46:15:46:42": 7,
				"b:48:0:50:Infinity:undefined:undefined:undefined:undefined": 1,
				"s:48:0:50:Infinity": 8,
				"s:49:17:49:95": 9,
				"f:49:37:49:42": 2,
				"s:49:48:49:84": 10,
				"s:50:1:50:Infinity": 11,
				"s:53:26:53:Infinity": 12
			}
		}
	},
	"/Users/whyit/code/EvenLegion/arbiter-v3/src/config/env/db.ts": {
		"path": "/Users/whyit/code/EvenLegion/arbiter-v3/src/config/env/db.ts",
		"statementMap": {
			"0": { "start": { "line": 5, "column": 17 }, "end": { "line": 7, "column": 2 } },
			"1": { "start": { "line": 9, "column": 15 }, "end": { "line": 9, "column": 38 } },
			"2": { "start": { "line": 11, "column": 0 }, "end": { "line": 13, "column": null } },
			"3": { "start": { "line": 12, "column": 17 }, "end": { "line": 12, "column": 95 } },
			"4": { "start": { "line": 12, "column": 48 }, "end": { "line": 12, "column": 84 } },
			"5": { "start": { "line": 13, "column": 1 }, "end": { "line": 13, "column": null } },
			"6": { "start": { "line": 16, "column": 22 }, "end": { "line": 16, "column": null } }
		},
		"fnMap": {
			"0": {
				"name": "(anonymous_0)",
				"decl": { "start": { "line": 12, "column": 37 }, "end": { "line": 12, "column": 42 } },
				"loc": { "start": { "line": 12, "column": 48 }, "end": { "line": 12, "column": 84 } },
				"line": 12
			}
		},
		"branchMap": {
			"0": {
				"loc": { "start": { "line": 11, "column": 0 }, "end": { "line": 13, "column": null } },
				"type": "if",
				"locations": [
					{ "start": { "line": 11, "column": 0 }, "end": { "line": 13, "column": null } },
					{ "start": {}, "end": {} }
				],
				"line": 11
			}
		},
		"s": { "0": 17, "1": 17, "2": 17, "3": 0, "4": 0, "5": 0, "6": 17 },
		"f": { "0": 0 },
		"b": { "0": [0, 17] },
		"meta": {
			"lastBranch": 1,
			"lastFunction": 1,
			"lastStatement": 7,
			"seen": {
				"s:5:17:7:2": 0,
				"s:9:15:9:38": 1,
				"b:11:0:13:Infinity:undefined:undefined:undefined:undefined": 0,
				"s:11:0:13:Infinity": 2,
				"s:12:17:12:95": 3,
				"f:12:37:12:42": 0,
				"s:12:48:12:84": 4,
				"s:13:1:13:Infinity": 5,
				"s:16:22:16:Infinity": 6
			}
		}
	},
	"/Users/whyit/code/EvenLegion/arbiter-v3/src/config/env/discord.ts": {
		"path": "/Users/whyit/code/EvenLegion/arbiter-v3/src/config/env/discord.ts",
		"statementMap": {
			"0": { "start": { "line": 5, "column": 22 }, "end": { "line": 50, "column": 2 } },
			"1": { "start": { "line": 52, "column": 15 }, "end": { "line": 52, "column": 43 } },
			"2": { "start": { "line": 54, "column": 0 }, "end": { "line": 56, "column": null } },
			"3": { "start": { "line": 55, "column": 17 }, "end": { "line": 55, "column": 95 } },
			"4": { "start": { "line": 55, "column": 48 }, "end": { "line": 55, "column": 84 } },
			"5": { "start": { "line": 56, "column": 1 }, "end": { "line": 56, "column": null } },
			"6": { "start": { "line": 59, "column": 27 }, "end": { "line": 59, "column": null } }
		},
		"fnMap": {
			"0": {
				"name": "(anonymous_0)",
				"decl": { "start": { "line": 55, "column": 37 }, "end": { "line": 55, "column": 42 } },
				"loc": { "start": { "line": 55, "column": 48 }, "end": { "line": 55, "column": 84 } },
				"line": 55
			}
		},
		"branchMap": {
			"0": {
				"loc": { "start": { "line": 54, "column": 0 }, "end": { "line": 56, "column": null } },
				"type": "if",
				"locations": [
					{ "start": { "line": 54, "column": 0 }, "end": { "line": 56, "column": null } },
					{ "start": {}, "end": {} }
				],
				"line": 54
			}
		},
		"s": { "0": 19, "1": 19, "2": 19, "3": 0, "4": 0, "5": 0, "6": 19 },
		"f": { "0": 0 },
		"b": { "0": [0, 19] },
		"meta": {
			"lastBranch": 1,
			"lastFunction": 1,
			"lastStatement": 7,
			"seen": {
				"s:5:22:50:2": 0,
				"s:52:15:52:43": 1,
				"b:54:0:56:Infinity:undefined:undefined:undefined:undefined": 0,
				"s:54:0:56:Infinity": 2,
				"s:55:17:55:95": 3,
				"f:55:37:55:42": 0,
				"s:55:48:55:84": 4,
				"s:56:1:56:Infinity": 5,
				"s:59:27:59:Infinity": 6
			}
		}
	},
	"/Users/whyit/code/EvenLegion/arbiter-v3/src/config/env/env.ts": {
		"path": "/Users/whyit/code/EvenLegion/arbiter-v3/src/config/env/env.ts",
		"statementMap": { "0": { "start": { "line": 1, "column": 19 }, "end": { "line": 1, "column": 30 } } },
		"fnMap": {},
		"branchMap": {},
		"s": { "0": 19 },
		"f": {},
		"b": {},
		"meta": { "lastBranch": 0, "lastFunction": 0, "lastStatement": 1, "seen": { "s:1:19:1:30": 0 } }
	},
	"/Users/whyit/code/EvenLegion/arbiter-v3/src/config/env/index.ts": {
		"path": "/Users/whyit/code/EvenLegion/arbiter-v3/src/config/env/index.ts",
		"statementMap": {},
		"fnMap": {},
		"branchMap": {},
		"s": {},
		"f": {},
		"b": {},
		"meta": { "lastBranch": 0, "lastFunction": 0, "lastStatement": 0, "seen": {} }
	},
	"/Users/whyit/code/EvenLegion/arbiter-v3/src/integrations/pino.ts": {
		"path": "/Users/whyit/code/EvenLegion/arbiter-v3/src/integrations/pino.ts",
		"statementMap": {
			"0": { "start": { "line": 7, "column": 60 }, "end": { "line": 15, "column": null } },
			"1": { "start": { "line": 18, "column": 44 }, "end": { "line": 26, "column": null } },
			"2": { "start": { "line": 28, "column": 41 }, "end": { "line": 28, "column": 68 } },
			"3": { "start": { "line": 30, "column": 0 }, "end": { "line": 38, "column": null } },
			"4": { "start": { "line": 31, "column": 1 }, "end": { "line": 37, "column": null } },
			"5": { "start": { "line": 38, "column": 1 }, "end": { "line": 38, "column": null } },
			"6": { "start": { "line": 41, "column": 23 }, "end": { "line": 41, "column": 66 } },
			"7": { "start": { "line": 43, "column": 13 }, "end": { "line": 48, "column": 2 } },
			"8": { "start": { "line": 51, "column": 37 }, "end": { "line": 51, "column": 58 } },
			"9": { "start": { "line": 54, "column": 2 }, "end": { "line": 54, "column": null } },
			"10": { "start": { "line": 54, "column": 31 }, "end": { "line": 54, "column": null } },
			"11": { "start": { "line": 56, "column": 22 }, "end": { "line": 56, "column": null } },
			"12": { "start": { "line": 57, "column": 2 }, "end": { "line": 57, "column": null } },
			"13": { "start": { "line": 61, "column": 2 }, "end": { "line": 61, "column": null } },
			"14": { "start": { "line": 65, "column": 2 }, "end": { "line": 65, "column": null } },
			"15": { "start": { "line": 69, "column": 2 }, "end": { "line": 69, "column": null } },
			"16": { "start": { "line": 73, "column": 2 }, "end": { "line": 73, "column": null } },
			"17": { "start": { "line": 77, "column": 2 }, "end": { "line": 77, "column": null } },
			"18": { "start": { "line": 81, "column": 2 }, "end": { "line": 81, "column": null } },
			"19": { "start": { "line": 85, "column": 2 }, "end": { "line": 85, "column": null } },
			"20": { "start": { "line": 85, "column": 31 }, "end": { "line": 85, "column": null } },
			"21": { "start": { "line": 87, "column": 22 }, "end": { "line": 87, "column": null } },
			"22": { "start": { "line": 88, "column": 2 }, "end": { "line": 110, "column": null } },
			"23": { "start": { "line": 90, "column": 4 }, "end": { "line": 90, "column": null } },
			"24": { "start": { "line": 91, "column": 4 }, "end": { "line": 91, "column": null } },
			"25": { "start": { "line": 93, "column": 4 }, "end": { "line": 93, "column": null } },
			"26": { "start": { "line": 94, "column": 4 }, "end": { "line": 94, "column": null } },
			"27": { "start": { "line": 96, "column": 4 }, "end": { "line": 96, "column": null } },
			"28": { "start": { "line": 97, "column": 4 }, "end": { "line": 97, "column": null } },
			"29": { "start": { "line": 99, "column": 4 }, "end": { "line": 99, "column": null } },
			"30": { "start": { "line": 100, "column": 4 }, "end": { "line": 100, "column": null } },
			"31": { "start": { "line": 102, "column": 4 }, "end": { "line": 102, "column": null } },
			"32": { "start": { "line": 103, "column": 4 }, "end": { "line": 103, "column": null } },
			"33": { "start": { "line": 105, "column": 4 }, "end": { "line": 105, "column": null } },
			"34": { "start": { "line": 106, "column": 4 }, "end": { "line": 106, "column": null } },
			"35": { "start": { "line": 108, "column": 4 }, "end": { "line": 108, "column": null } },
			"36": { "start": { "line": 110, "column": 4 }, "end": { "line": 110, "column": null } },
			"37": { "start": { "line": 115, "column": 2 }, "end": { "line": 115, "column": null } },
			"38": { "start": { "line": 119, "column": 31 }, "end": { "line": 119, "column": 66 } },
			"39": { "start": { "line": 122, "column": 55 }, "end": { "line": 130, "column": null } },
			"40": { "start": { "line": 132, "column": 19 }, "end": { "line": 132, "column": null } },
			"41": { "start": { "line": 133, "column": 1 }, "end": { "line": 135, "column": null } },
			"42": { "start": { "line": 134, "column": 2 }, "end": { "line": 135, "column": null } },
			"43": { "start": { "line": 135, "column": 3 }, "end": { "line": 135, "column": null } },
			"44": { "start": { "line": 139, "column": 1 }, "end": { "line": 139, "column": null } }
		},
		"fnMap": {
			"0": {
				"name": "(anonymous_0)",
				"decl": { "start": { "line": 51, "column": 1 }, "end": { "line": 51, "column": 8 } },
				"loc": { "start": { "line": 51, "column": 71 }, "end": { "line": 51, "column": 58 } },
				"line": 51
			},
			"1": {
				"name": "(anonymous_1)",
				"decl": { "start": { "line": 53, "column": 1 }, "end": { "line": 53, "column": 8 } },
				"loc": { "start": { "line": 53, "column": 38 }, "end": { "line": 57, "column": null } },
				"line": 53
			},
			"2": {
				"name": "(anonymous_2)",
				"decl": { "start": { "line": 60, "column": 1 }, "end": { "line": 60, "column": 8 } },
				"loc": { "start": { "line": 60, "column": 51 }, "end": { "line": 61, "column": null } },
				"line": 60
			},
			"3": {
				"name": "(anonymous_3)",
				"decl": { "start": { "line": 64, "column": 1 }, "end": { "line": 64, "column": 8 } },
				"loc": { "start": { "line": 64, "column": 51 }, "end": { "line": 65, "column": null } },
				"line": 64
			},
			"4": {
				"name": "(anonymous_4)",
				"decl": { "start": { "line": 68, "column": 1 }, "end": { "line": 68, "column": 8 } },
				"loc": { "start": { "line": 68, "column": 50 }, "end": { "line": 69, "column": null } },
				"line": 68
			},
			"5": {
				"name": "(anonymous_5)",
				"decl": { "start": { "line": 72, "column": 1 }, "end": { "line": 72, "column": 8 } },
				"loc": { "start": { "line": 72, "column": 50 }, "end": { "line": 73, "column": null } },
				"line": 72
			},
			"6": {
				"name": "(anonymous_6)",
				"decl": { "start": { "line": 76, "column": 1 }, "end": { "line": 76, "column": 8 } },
				"loc": { "start": { "line": 76, "column": 51 }, "end": { "line": 77, "column": null } },
				"line": 76
			},
			"7": {
				"name": "(anonymous_7)",
				"decl": { "start": { "line": 80, "column": 1 }, "end": { "line": 80, "column": 8 } },
				"loc": { "start": { "line": 80, "column": 51 }, "end": { "line": 81, "column": null } },
				"line": 80
			},
			"8": {
				"name": "(anonymous_8)",
				"decl": { "start": { "line": 84, "column": 1 }, "end": { "line": 84, "column": 8 } },
				"loc": { "start": { "line": 84, "column": 68 }, "end": { "line": 110, "column": null } },
				"line": 84
			},
			"9": {
				"name": "(anonymous_9)",
				"decl": { "start": { "line": 114, "column": 1 }, "end": { "line": 114, "column": 9 } },
				"loc": { "start": { "line": 114, "column": 91 }, "end": { "line": 115, "column": null } },
				"line": 114
			},
			"10": {
				"name": "resolveLowestPinoLevel",
				"decl": { "start": { "line": 121, "column": 9 }, "end": { "line": 121, "column": 32 } },
				"loc": { "start": { "line": 121, "column": 73 }, "end": { "line": 139, "column": null } },
				"line": 121
			}
		},
		"branchMap": {
			"0": {
				"loc": { "start": { "line": 30, "column": 0 }, "end": { "line": 38, "column": null } },
				"type": "if",
				"locations": [
					{ "start": { "line": 30, "column": 0 }, "end": { "line": 38, "column": null } },
					{ "start": {}, "end": {} }
				],
				"line": 30
			},
			"1": {
				"loc": { "start": { "line": 51, "column": 20 }, "end": { "line": 51, "column": 71 } },
				"type": "default-arg",
				"locations": [{ "start": { "line": 51, "column": 58 }, "end": { "line": 51, "column": 71 } }],
				"line": 51
			},
			"2": {
				"loc": { "start": { "line": 54, "column": 2 }, "end": { "line": 54, "column": null } },
				"type": "if",
				"locations": [
					{ "start": { "line": 54, "column": 2 }, "end": { "line": 54, "column": null } },
					{ "start": {}, "end": {} }
				],
				"line": 54
			},
			"3": {
				"loc": { "start": { "line": 57, "column": 9 }, "end": { "line": 57, "column": null } },
				"type": "cond-expr",
				"locations": [
					{ "start": { "line": 57, "column": 60 }, "end": { "line": 57, "column": 99 } },
					{ "start": { "line": 57, "column": 102 }, "end": { "line": 57, "column": null } }
				],
				"line": 57
			},
			"4": {
				"loc": { "start": { "line": 85, "column": 2 }, "end": { "line": 85, "column": null } },
				"type": "if",
				"locations": [
					{ "start": { "line": 85, "column": 2 }, "end": { "line": 85, "column": null } },
					{ "start": {}, "end": {} }
				],
				"line": 85
			},
			"5": {
				"loc": { "start": { "line": 88, "column": 2 }, "end": { "line": 110, "column": null } },
				"type": "switch",
				"locations": [
					{ "start": { "line": 89, "column": 3 }, "end": { "line": 91, "column": null } },
					{ "start": { "line": 92, "column": 3 }, "end": { "line": 94, "column": null } },
					{ "start": { "line": 95, "column": 3 }, "end": { "line": 97, "column": null } },
					{ "start": { "line": 98, "column": 3 }, "end": { "line": 100, "column": null } },
					{ "start": { "line": 101, "column": 3 }, "end": { "line": 103, "column": null } },
					{ "start": { "line": 104, "column": 3 }, "end": { "line": 106, "column": null } },
					{ "start": { "line": 107, "column": 3 }, "end": { "line": 108, "column": null } },
					{ "start": { "line": 109, "column": 3 }, "end": { "line": 110, "column": null } }
				],
				"line": 88
			},
			"6": {
				"loc": { "start": { "line": 132, "column": 19 }, "end": { "line": 132, "column": null } },
				"type": "binary-expr",
				"locations": [
					{ "start": { "line": 132, "column": 19 }, "end": { "line": 132, "column": 32 } },
					{ "start": { "line": 132, "column": 32 }, "end": { "line": 132, "column": null } }
				],
				"line": 132
			},
			"7": {
				"loc": { "start": { "line": 134, "column": 2 }, "end": { "line": 135, "column": null } },
				"type": "if",
				"locations": [
					{ "start": { "line": 134, "column": 2 }, "end": { "line": 135, "column": null } },
					{ "start": {}, "end": {} }
				],
				"line": 134
			}
		},
		"s": {
			"0": 12,
			"1": 12,
			"2": 12,
			"3": 12,
			"4": 1,
			"5": 1,
			"6": 12,
			"7": 12,
			"8": 12,
			"9": 0,
			"10": 0,
			"11": 0,
			"12": 0,
			"13": 0,
			"14": 0,
			"15": 0,
			"16": 0,
			"17": 0,
			"18": 0,
			"19": 0,
			"20": 0,
			"21": 0,
			"22": 0,
			"23": 0,
			"24": 0,
			"25": 0,
			"26": 0,
			"27": 0,
			"28": 0,
			"29": 0,
			"30": 0,
			"31": 0,
			"32": 0,
			"33": 0,
			"34": 0,
			"35": 0,
			"36": 0,
			"37": 0,
			"38": 12,
			"39": 12,
			"40": 12,
			"41": 12,
			"42": 13,
			"43": 0,
			"44": 12
		},
		"f": { "0": 12, "1": 0, "2": 0, "3": 0, "4": 0, "5": 0, "6": 0, "7": 0, "8": 0, "9": 0, "10": 12 },
		"b": { "0": [1, 11], "1": [12], "2": [0, 0], "3": [0, 0], "4": [0, 0], "5": [0, 0, 0, 0, 0, 0, 0, 0], "6": [12, 0], "7": [0, 13] },
		"meta": {
			"lastBranch": 8,
			"lastFunction": 11,
			"lastStatement": 45,
			"seen": {
				"s:7:60:15:Infinity": 0,
				"s:18:44:26:Infinity": 1,
				"s:28:41:28:68": 2,
				"b:30:0:38:Infinity:undefined:undefined:undefined:undefined": 0,
				"s:30:0:38:Infinity": 3,
				"s:31:1:37:Infinity": 4,
				"s:38:1:38:Infinity": 5,
				"s:41:23:41:66": 6,
				"s:43:13:48:2": 7,
				"f:51:1:51:8": 0,
				"b:51:58:51:71": 1,
				"s:51:37:51:58": 8,
				"f:53:1:53:8": 1,
				"b:54:2:54:Infinity:undefined:undefined:undefined:undefined": 2,
				"s:54:2:54:Infinity": 9,
				"s:54:31:54:Infinity": 10,
				"s:56:22:56:Infinity": 11,
				"s:57:2:57:Infinity": 12,
				"b:57:60:57:99:57:102:57:Infinity": 3,
				"f:60:1:60:8": 2,
				"s:61:2:61:Infinity": 13,
				"f:64:1:64:8": 3,
				"s:65:2:65:Infinity": 14,
				"f:68:1:68:8": 4,
				"s:69:2:69:Infinity": 15,
				"f:72:1:72:8": 5,
				"s:73:2:73:Infinity": 16,
				"f:76:1:76:8": 6,
				"s:77:2:77:Infinity": 17,
				"f:80:1:80:8": 7,
				"s:81:2:81:Infinity": 18,
				"f:84:1:84:8": 8,
				"b:85:2:85:Infinity:undefined:undefined:undefined:undefined": 4,
				"s:85:2:85:Infinity": 19,
				"s:85:31:85:Infinity": 20,
				"s:87:22:87:Infinity": 21,
				"b:89:3:91:Infinity:92:3:94:Infinity:95:3:97:Infinity:98:3:100:Infinity:101:3:103:Infinity:104:3:106:Infinity:107:3:108:Infinity:109:3:110:Infinity": 5,
				"s:88:2:110:Infinity": 22,
				"s:90:4:90:Infinity": 23,
				"s:91:4:91:Infinity": 24,
				"s:93:4:93:Infinity": 25,
				"s:94:4:94:Infinity": 26,
				"s:96:4:96:Infinity": 27,
				"s:97:4:97:Infinity": 28,
				"s:99:4:99:Infinity": 29,
				"s:100:4:100:Infinity": 30,
				"s:102:4:102:Infinity": 31,
				"s:103:4:103:Infinity": 32,
				"s:105:4:105:Infinity": 33,
				"s:106:4:106:Infinity": 34,
				"s:108:4:108:Infinity": 35,
				"s:110:4:110:Infinity": 36,
				"f:114:1:114:9": 9,
				"s:115:2:115:Infinity": 37,
				"s:119:31:119:66": 38,
				"f:121:9:121:32": 10,
				"s:122:55:130:Infinity": 39,
				"s:132:19:132:Infinity": 40,
				"b:132:19:132:32:132:32:132:Infinity": 6,
				"s:133:1:135:Infinity": 41,
				"b:134:2:135:Infinity:undefined:undefined:undefined:undefined": 7,
				"s:134:2:135:Infinity": 42,
				"s:135:3:135:Infinity": 43,
				"s:139:1:139:Infinity": 44
			}
		}
	},
	"/Users/whyit/code/EvenLegion/arbiter-v3/src/integrations/prisma/index.ts": {
		"path": "/Users/whyit/code/EvenLegion/arbiter-v3/src/integrations/prisma/index.ts",
		"statementMap": {},
		"fnMap": {},
		"branchMap": {},
		"s": {},
		"f": {},
		"b": {},
		"meta": { "lastBranch": 0, "lastFunction": 0, "lastStatement": 0, "seen": {} }
	},
	"/Users/whyit/code/EvenLegion/arbiter-v3/src/integrations/prisma/prisma.ts": {
		"path": "/Users/whyit/code/EvenLegion/arbiter-v3/src/integrations/prisma/prisma.ts",
		"statementMap": {
			"0": { "start": { "line": 7, "column": 13 }, "end": { "line": 9, "column": 2 } },
			"1": { "start": { "line": 11, "column": 22 }, "end": { "line": 13, "column": 2 } },
			"2": { "start": { "line": 16, "column": 1 }, "end": { "line": 16, "column": null } },
			"3": { "start": { "line": 17, "column": 1 }, "end": { "line": 17, "column": null } }
		},
		"fnMap": {
			"0": {
				"name": "closeDb",
				"decl": { "start": { "line": 15, "column": 22 }, "end": { "line": 15, "column": 32 } },
				"loc": { "start": { "line": 15, "column": 32 }, "end": { "line": 17, "column": null } },
				"line": 15
			}
		},
		"branchMap": {},
		"s": { "0": 6, "1": 6, "2": 0, "3": 0 },
		"f": { "0": 0 },
		"b": {},
		"meta": {
			"lastBranch": 0,
			"lastFunction": 1,
			"lastStatement": 4,
			"seen": { "s:7:13:9:2": 0, "s:11:22:13:2": 1, "f:15:22:15:32": 0, "s:16:1:16:Infinity": 2, "s:17:1:17:Infinity": 3 }
		}
	},
	"/Users/whyit/code/EvenLegion/arbiter-v3/src/integrations/prisma/division/read.ts": {
		"path": "/Users/whyit/code/EvenLegion/arbiter-v3/src/integrations/prisma/division/read.ts",
		"statementMap": {
			"0": { "start": { "line": 23, "column": 42 }, "end": { "line": 23, "column": 44 } },
			"1": { "start": { "line": 25, "column": 1 }, "end": { "line": 26, "column": null } },
			"2": { "start": { "line": 26, "column": 2 }, "end": { "line": 26, "column": null } },
			"3": { "start": { "line": 29, "column": 1 }, "end": { "line": 30, "column": null } },
			"4": { "start": { "line": 30, "column": 2 }, "end": { "line": 30, "column": null } },
			"5": { "start": { "line": 33, "column": 21 }, "end": { "line": 33, "column": 55 } },
			"6": { "start": { "line": 34, "column": 1 }, "end": { "line": 37, "column": null } },
			"7": { "start": { "line": 35, "column": 2 }, "end": { "line": 35, "column": null } },
			"8": { "start": { "line": 36, "column": 12 }, "end": { "line": 37, "column": null } },
			"9": { "start": { "line": 37, "column": 2 }, "end": { "line": 37, "column": null } },
			"10": { "start": { "line": 39, "column": 1 }, "end": { "line": 40, "column": null } },
			"11": { "start": { "line": 40, "column": 2 }, "end": { "line": 40, "column": null } },
			"12": { "start": { "line": 43, "column": 1 }, "end": { "line": 46, "column": null } },
			"13": { "start": { "line": 50, "column": 1 }, "end": { "line": 51, "column": null } },
			"14": { "start": { "line": 51, "column": 2 }, "end": { "line": 51, "column": null } },
			"15": { "start": { "line": 54, "column": 52 }, "end": { "line": 54, "column": 54 } },
			"16": { "start": { "line": 56, "column": 1 }, "end": { "line": 57, "column": null } },
			"17": { "start": { "line": 57, "column": 2 }, "end": { "line": 57, "column": null } },
			"18": { "start": { "line": 60, "column": 1 }, "end": { "line": 61, "column": null } },
			"19": { "start": { "line": 61, "column": 2 }, "end": { "line": 61, "column": null } },
			"20": { "start": { "line": 64, "column": 1 }, "end": { "line": 67, "column": null } },
			"21": { "start": { "line": 71, "column": 1 }, "end": { "line": 72, "column": null } },
			"22": { "start": { "line": 72, "column": 2 }, "end": { "line": 72, "column": null } },
			"23": { "start": { "line": 75, "column": 1 }, "end": { "line": 85, "column": null } }
		},
		"fnMap": {
			"0": {
				"name": "findManyDivisions",
				"decl": { "start": { "line": 22, "column": 22 }, "end": { "line": 22, "column": 40 } },
				"loc": { "start": { "line": 22, "column": 115 }, "end": { "line": 46, "column": null } },
				"line": 22
			},
			"1": {
				"name": "findManyDivisionMemberships",
				"decl": { "start": { "line": 49, "column": 22 }, "end": { "line": 49, "column": 50 } },
				"loc": { "start": { "line": 49, "column": 112 }, "end": { "line": 67, "column": null } },
				"line": 49
			},
			"2": {
				"name": "findManyUsersDivisions",
				"decl": { "start": { "line": 70, "column": 22 }, "end": { "line": 70, "column": 45 } },
				"loc": { "start": { "line": 70, "column": 102 }, "end": { "line": 85, "column": null } },
				"line": 70
			}
		},
		"branchMap": {
			"0": {
				"loc": { "start": { "line": 22, "column": 40 }, "end": { "line": 22, "column": 113 } },
				"type": "default-arg",
				"locations": [{ "start": { "line": 22, "column": 111 }, "end": { "line": 22, "column": 113 } }],
				"line": 22
			},
			"1": {
				"loc": { "start": { "line": 22, "column": 61 }, "end": { "line": 22, "column": 111 } },
				"type": "default-arg",
				"locations": [{ "start": { "line": 22, "column": 76 }, "end": { "line": 22, "column": 111 } }],
				"line": 22
			},
			"2": {
				"loc": { "start": { "line": 25, "column": 1 }, "end": { "line": 26, "column": null } },
				"type": "if",
				"locations": [
					{ "start": { "line": 25, "column": 1 }, "end": { "line": 26, "column": null } },
					{ "start": {}, "end": {} }
				],
				"line": 25
			},
			"3": {
				"loc": { "start": { "line": 25, "column": 5 }, "end": { "line": 25, "column": 28 } },
				"type": "binary-expr",
				"locations": [
					{ "start": { "line": 25, "column": 5 }, "end": { "line": 25, "column": 12 } },
					{ "start": { "line": 25, "column": 12 }, "end": { "line": 25, "column": 28 } }
				],
				"line": 25
			},
			"4": {
				"loc": { "start": { "line": 29, "column": 1 }, "end": { "line": 30, "column": null } },
				"type": "if",
				"locations": [
					{ "start": { "line": 29, "column": 1 }, "end": { "line": 30, "column": null } },
					{ "start": {}, "end": {} }
				],
				"line": 29
			},
			"5": {
				"loc": { "start": { "line": 29, "column": 5 }, "end": { "line": 29, "column": 32 } },
				"type": "binary-expr",
				"locations": [
					{ "start": { "line": 29, "column": 5 }, "end": { "line": 29, "column": 14 } },
					{ "start": { "line": 29, "column": 14 }, "end": { "line": 29, "column": 32 } }
				],
				"line": 29
			},
			"6": {
				"loc": { "start": { "line": 33, "column": 26 }, "end": { "line": 33, "column": 37 } },
				"type": "binary-expr",
				"locations": [
					{ "start": { "line": 33, "column": 26 }, "end": { "line": 33, "column": 35 } },
					{ "start": { "line": 33, "column": 35 }, "end": { "line": 33, "column": 37 } }
				],
				"line": 33
			},
			"7": {
				"loc": { "start": { "line": 34, "column": 1 }, "end": { "line": 37, "column": null } },
				"type": "if",
				"locations": [
					{ "start": { "line": 34, "column": 1 }, "end": { "line": 37, "column": null } },
					{ "start": { "line": 36, "column": 12 }, "end": { "line": 37, "column": null } }
				],
				"line": 34
			},
			"8": {
				"loc": { "start": { "line": 36, "column": 12 }, "end": { "line": 37, "column": null } },
				"type": "if",
				"locations": [
					{ "start": { "line": 36, "column": 12 }, "end": { "line": 37, "column": null } },
					{ "start": {}, "end": {} }
				],
				"line": 36
			},
			"9": {
				"loc": { "start": { "line": 39, "column": 1 }, "end": { "line": 40, "column": null } },
				"type": "if",
				"locations": [
					{ "start": { "line": 39, "column": 1 }, "end": { "line": 40, "column": null } },
					{ "start": {}, "end": {} }
				],
				"line": 39
			},
			"10": {
				"loc": { "start": { "line": 44, "column": 9 }, "end": { "line": 44, "column": null } },
				"type": "cond-expr",
				"locations": [
					{ "start": { "line": 44, "column": 26 }, "end": { "line": 44, "column": 38 } },
					{ "start": { "line": 44, "column": 41 }, "end": { "line": 44, "column": null } }
				],
				"line": 44
			},
			"11": {
				"loc": { "start": { "line": 50, "column": 1 }, "end": { "line": 51, "column": null } },
				"type": "if",
				"locations": [
					{ "start": { "line": 50, "column": 1 }, "end": { "line": 51, "column": null } },
					{ "start": {}, "end": {} }
				],
				"line": 50
			},
			"12": {
				"loc": { "start": { "line": 50, "column": 5 }, "end": { "line": 50, "column": 32 } },
				"type": "binary-expr",
				"locations": [
					{ "start": { "line": 50, "column": 5 }, "end": { "line": 50, "column": 16 } },
					{ "start": { "line": 50, "column": 16 }, "end": { "line": 50, "column": 32 } }
				],
				"line": 50
			},
			"13": {
				"loc": { "start": { "line": 56, "column": 1 }, "end": { "line": 57, "column": null } },
				"type": "if",
				"locations": [
					{ "start": { "line": 56, "column": 1 }, "end": { "line": 57, "column": null } },
					{ "start": {}, "end": {} }
				],
				"line": 56
			},
			"14": {
				"loc": { "start": { "line": 60, "column": 1 }, "end": { "line": 61, "column": null } },
				"type": "if",
				"locations": [
					{ "start": { "line": 60, "column": 1 }, "end": { "line": 61, "column": null } },
					{ "start": {}, "end": {} }
				],
				"line": 60
			},
			"15": {
				"loc": { "start": { "line": 65, "column": 9 }, "end": { "line": 65, "column": null } },
				"type": "cond-expr",
				"locations": [
					{ "start": { "line": 65, "column": 26 }, "end": { "line": 65, "column": 38 } },
					{ "start": { "line": 65, "column": 41 }, "end": { "line": 65, "column": null } }
				],
				"line": 65
			},
			"16": {
				"loc": { "start": { "line": 71, "column": 1 }, "end": { "line": 72, "column": null } },
				"type": "if",
				"locations": [
					{ "start": { "line": 71, "column": 1 }, "end": { "line": 72, "column": null } },
					{ "start": {}, "end": {} }
				],
				"line": 71
			},
			"17": {
				"loc": { "start": { "line": 71, "column": 5 }, "end": { "line": 71, "column": 32 } },
				"type": "binary-expr",
				"locations": [
					{ "start": { "line": 71, "column": 5 }, "end": { "line": 71, "column": 16 } },
					{ "start": { "line": 71, "column": 16 }, "end": { "line": 71, "column": 32 } }
				],
				"line": 71
			},
			"18": {
				"loc": { "start": { "line": 79, "column": 9 }, "end": { "line": 79, "column": 33 } },
				"type": "cond-expr",
				"locations": [
					{ "start": { "line": 79, "column": 18 }, "end": { "line": 79, "column": 28 } },
					{ "start": { "line": 79, "column": 31 }, "end": { "line": 79, "column": 33 } }
				],
				"line": 79
			},
			"19": {
				"loc": { "start": { "line": 80, "column": 9 }, "end": { "line": 80, "column": null } },
				"type": "cond-expr",
				"locations": [
					{ "start": { "line": 80, "column": 25 }, "end": { "line": 80, "column": 52 } },
					{ "start": { "line": 80, "column": 55 }, "end": { "line": 80, "column": null } }
				],
				"line": 80
			}
		},
		"s": {
			"0": 0,
			"1": 0,
			"2": 0,
			"3": 0,
			"4": 0,
			"5": 0,
			"6": 0,
			"7": 0,
			"8": 0,
			"9": 0,
			"10": 0,
			"11": 0,
			"12": 0,
			"13": 0,
			"14": 0,
			"15": 0,
			"16": 0,
			"17": 0,
			"18": 0,
			"19": 0,
			"20": 0,
			"21": 0,
			"22": 0,
			"23": 0
		},
		"f": { "0": 0, "1": 0, "2": 0 },
		"b": {
			"0": [0],
			"1": [0],
			"2": [0, 0],
			"3": [0, 0],
			"4": [0, 0],
			"5": [0, 0],
			"6": [0, 0],
			"7": [0, 0],
			"8": [0, 0],
			"9": [0, 0],
			"10": [0, 0],
			"11": [0, 0],
			"12": [0, 0],
			"13": [0, 0],
			"14": [0, 0],
			"15": [0, 0],
			"16": [0, 0],
			"17": [0, 0],
			"18": [0, 0],
			"19": [0, 0]
		},
		"meta": {
			"lastBranch": 20,
			"lastFunction": 3,
			"lastStatement": 24,
			"seen": {
				"f:22:22:22:40": 0,
				"b:22:111:22:113": 0,
				"b:22:76:22:111": 1,
				"s:23:42:23:44": 0,
				"b:25:1:26:Infinity:undefined:undefined:undefined:undefined": 2,
				"s:25:1:26:Infinity": 1,
				"b:25:5:25:12:25:12:25:28": 3,
				"s:26:2:26:Infinity": 2,
				"b:29:1:30:Infinity:undefined:undefined:undefined:undefined": 4,
				"s:29:1:30:Infinity": 3,
				"b:29:5:29:14:29:14:29:32": 5,
				"s:30:2:30:Infinity": 4,
				"s:33:21:33:55": 5,
				"b:33:26:33:35:33:35:33:37": 6,
				"b:34:1:37:Infinity:36:12:37:Infinity": 7,
				"s:34:1:37:Infinity": 6,
				"s:35:2:35:Infinity": 7,
				"b:36:12:37:Infinity:undefined:undefined:undefined:undefined": 8,
				"s:36:12:37:Infinity": 8,
				"s:37:2:37:Infinity": 9,
				"b:39:1:40:Infinity:undefined:undefined:undefined:undefined": 9,
				"s:39:1:40:Infinity": 10,
				"s:40:2:40:Infinity": 11,
				"s:43:1:46:Infinity": 12,
				"b:44:26:44:38:44:41:44:Infinity": 10,
				"f:49:22:49:50": 1,
				"b:50:1:51:Infinity:undefined:undefined:undefined:undefined": 11,
				"s:50:1:51:Infinity": 13,
				"b:50:5:50:16:50:16:50:32": 12,
				"s:51:2:51:Infinity": 14,
				"s:54:52:54:54": 15,
				"b:56:1:57:Infinity:undefined:undefined:undefined:undefined": 13,
				"s:56:1:57:Infinity": 16,
				"s:57:2:57:Infinity": 17,
				"b:60:1:61:Infinity:undefined:undefined:undefined:undefined": 14,
				"s:60:1:61:Infinity": 18,
				"s:61:2:61:Infinity": 19,
				"s:64:1:67:Infinity": 20,
				"b:65:26:65:38:65:41:65:Infinity": 15,
				"f:70:22:70:45": 2,
				"b:71:1:72:Infinity:undefined:undefined:undefined:undefined": 16,
				"s:71:1:72:Infinity": 21,
				"b:71:5:71:16:71:16:71:32": 17,
				"s:72:2:72:Infinity": 22,
				"s:75:1:85:Infinity": 23,
				"b:79:18:79:28:79:31:79:33": 18,
				"b:80:25:80:52:80:55:80:Infinity": 19
			}
		}
	},
	"/Users/whyit/code/EvenLegion/arbiter-v3/src/integrations/prisma/division/write.ts": {
		"path": "/Users/whyit/code/EvenLegion/arbiter-v3/src/integrations/prisma/division/write.ts",
		"statementMap": {
			"0": { "start": { "line": 18, "column": 1 }, "end": { "line": 19, "column": null } },
			"1": { "start": { "line": 19, "column": 2 }, "end": { "line": 19, "column": null } },
			"2": { "start": { "line": 22, "column": 1 }, "end": { "line": 23, "column": null } },
			"3": { "start": { "line": 23, "column": 2 }, "end": { "line": 23, "column": null } },
			"4": { "start": { "line": 26, "column": 1 }, "end": { "line": 33, "column": null } },
			"5": { "start": { "line": 27, "column": 2 }, "end": { "line": 33, "column": null } },
			"6": { "start": { "line": 28, "column": 42 }, "end": { "line": 31, "column": 6 } },
			"7": { "start": { "line": 36, "column": 23 }, "end": { "line": 41, "column": null } },
			"8": { "start": { "line": 45, "column": 1 }, "end": { "line": 45, "column": null } },
			"9": { "start": { "line": 49, "column": 1 }, "end": { "line": 50, "column": null } },
			"10": { "start": { "line": 50, "column": 2 }, "end": { "line": 50, "column": null } },
			"11": { "start": { "line": 53, "column": 1 }, "end": { "line": 54, "column": null } },
			"12": { "start": { "line": 54, "column": 2 }, "end": { "line": 54, "column": null } },
			"13": { "start": { "line": 57, "column": 1 }, "end": { "line": 63, "column": null } },
			"14": { "start": { "line": 58, "column": 2 }, "end": { "line": 63, "column": null } },
			"15": { "start": { "line": 66, "column": 22 }, "end": { "line": 71, "column": null } },
			"16": { "start": { "line": 74, "column": 1 }, "end": { "line": 74, "column": null } }
		},
		"fnMap": {
			"0": {
				"name": "createManyDivisionMembership",
				"decl": { "start": { "line": 17, "column": 22 }, "end": { "line": 17, "column": 51 } },
				"loc": { "start": { "line": 17, "column": 127 }, "end": { "line": 45, "column": null } },
				"line": 17
			},
			"1": {
				"name": "(anonymous_1)",
				"decl": { "start": { "line": 28, "column": 21 }, "end": { "line": 28, "column": 26 } },
				"loc": { "start": { "line": 28, "column": 42 }, "end": { "line": 31, "column": 6 } },
				"line": 28
			},
			"2": {
				"name": "deleteManyDivisionMembership",
				"decl": { "start": { "line": 48, "column": 22 }, "end": { "line": 48, "column": 51 } },
				"loc": { "start": { "line": 48, "column": 127 }, "end": { "line": 74, "column": null } },
				"line": 48
			}
		},
		"branchMap": {
			"0": {
				"loc": { "start": { "line": 18, "column": 1 }, "end": { "line": 19, "column": null } },
				"type": "if",
				"locations": [
					{ "start": { "line": 18, "column": 1 }, "end": { "line": 19, "column": null } },
					{ "start": {}, "end": {} }
				],
				"line": 18
			},
			"1": {
				"loc": { "start": { "line": 18, "column": 5 }, "end": { "line": 18, "column": 32 } },
				"type": "binary-expr",
				"locations": [
					{ "start": { "line": 18, "column": 5 }, "end": { "line": 18, "column": 16 } },
					{ "start": { "line": 18, "column": 16 }, "end": { "line": 18, "column": 32 } }
				],
				"line": 18
			},
			"2": {
				"loc": { "start": { "line": 22, "column": 1 }, "end": { "line": 23, "column": null } },
				"type": "if",
				"locations": [
					{ "start": { "line": 22, "column": 1 }, "end": { "line": 23, "column": null } },
					{ "start": {}, "end": {} }
				],
				"line": 22
			},
			"3": {
				"loc": { "start": { "line": 26, "column": 1 }, "end": { "line": 33, "column": null } },
				"type": "if",
				"locations": [
					{ "start": { "line": 26, "column": 1 }, "end": { "line": 33, "column": null } },
					{ "start": {}, "end": {} }
				],
				"line": 26
			},
			"4": {
				"loc": { "start": { "line": 49, "column": 1 }, "end": { "line": 50, "column": null } },
				"type": "if",
				"locations": [
					{ "start": { "line": 49, "column": 1 }, "end": { "line": 50, "column": null } },
					{ "start": {}, "end": {} }
				],
				"line": 49
			},
			"5": {
				"loc": { "start": { "line": 49, "column": 5 }, "end": { "line": 49, "column": 32 } },
				"type": "binary-expr",
				"locations": [
					{ "start": { "line": 49, "column": 5 }, "end": { "line": 49, "column": 16 } },
					{ "start": { "line": 49, "column": 16 }, "end": { "line": 49, "column": 32 } }
				],
				"line": 49
			},
			"6": {
				"loc": { "start": { "line": 53, "column": 1 }, "end": { "line": 54, "column": null } },
				"type": "if",
				"locations": [
					{ "start": { "line": 53, "column": 1 }, "end": { "line": 54, "column": null } },
					{ "start": {}, "end": {} }
				],
				"line": 53
			},
			"7": {
				"loc": { "start": { "line": 57, "column": 1 }, "end": { "line": 63, "column": null } },
				"type": "if",
				"locations": [
					{ "start": { "line": 57, "column": 1 }, "end": { "line": 63, "column": null } },
					{ "start": {}, "end": {} }
				],
				"line": 57
			}
		},
		"s": {
			"0": 0,
			"1": 0,
			"2": 0,
			"3": 0,
			"4": 0,
			"5": 0,
			"6": 0,
			"7": 0,
			"8": 0,
			"9": 0,
			"10": 0,
			"11": 0,
			"12": 0,
			"13": 0,
			"14": 0,
			"15": 0,
			"16": 0
		},
		"f": { "0": 0, "1": 0, "2": 0 },
		"b": { "0": [0, 0], "1": [0, 0], "2": [0, 0], "3": [0, 0], "4": [0, 0], "5": [0, 0], "6": [0, 0], "7": [0, 0] },
		"meta": {
			"lastBranch": 8,
			"lastFunction": 3,
			"lastStatement": 17,
			"seen": {
				"f:17:22:17:51": 0,
				"b:18:1:19:Infinity:undefined:undefined:undefined:undefined": 0,
				"s:18:1:19:Infinity": 0,
				"b:18:5:18:16:18:16:18:32": 1,
				"s:19:2:19:Infinity": 1,
				"b:22:1:23:Infinity:undefined:undefined:undefined:undefined": 2,
				"s:22:1:23:Infinity": 2,
				"s:23:2:23:Infinity": 3,
				"b:26:1:33:Infinity:undefined:undefined:undefined:undefined": 3,
				"s:26:1:33:Infinity": 4,
				"s:27:2:33:Infinity": 5,
				"f:28:21:28:26": 1,
				"s:28:42:31:6": 6,
				"s:36:23:41:Infinity": 7,
				"s:45:1:45:Infinity": 8,
				"f:48:22:48:51": 2,
				"b:49:1:50:Infinity:undefined:undefined:undefined:undefined": 4,
				"s:49:1:50:Infinity": 9,
				"b:49:5:49:16:49:16:49:32": 5,
				"s:50:2:50:Infinity": 10,
				"b:53:1:54:Infinity:undefined:undefined:undefined:undefined": 6,
				"s:53:1:54:Infinity": 11,
				"s:54:2:54:Infinity": 12,
				"b:57:1:63:Infinity:undefined:undefined:undefined:undefined": 7,
				"s:57:1:63:Infinity": 13,
				"s:58:2:63:Infinity": 14,
				"s:66:22:71:Infinity": 15,
				"s:74:1:74:Infinity": 16
			}
		}
	},
	"/Users/whyit/code/EvenLegion/arbiter-v3/src/integrations/prisma/divisionCache/getCachedDivisions.ts": {
		"path": "/Users/whyit/code/EvenLegion/arbiter-v3/src/integrations/prisma/divisionCache/getCachedDivisions.ts",
		"statementMap": {
			"0": { "start": { "line": 12, "column": 15 }, "end": { "line": 12, "column": 44 } },
			"1": { "start": { "line": 14, "column": 18 }, "end": { "line": 14, "column": null } },
			"2": { "start": { "line": 15, "column": 20 }, "end": { "line": 15, "column": null } },
			"3": { "start": { "line": 15, "column": 76 }, "end": { "line": 15, "column": 94 } },
			"4": { "start": { "line": 16, "column": 20 }, "end": { "line": 16, "column": null } },
			"5": { "start": { "line": 18, "column": 1 }, "end": { "line": 36, "column": null } },
			"6": { "start": { "line": 19, "column": 2 }, "end": { "line": 20, "column": null } },
			"7": { "start": { "line": 20, "column": 3 }, "end": { "line": 20, "column": null } },
			"8": { "start": { "line": 23, "column": 2 }, "end": { "line": 24, "column": null } },
			"9": { "start": { "line": 24, "column": 3 }, "end": { "line": 24, "column": null } },
			"10": { "start": { "line": 27, "column": 2 }, "end": { "line": 28, "column": null } },
			"11": { "start": { "line": 28, "column": 3 }, "end": { "line": 28, "column": null } },
			"12": { "start": { "line": 31, "column": 2 }, "end": { "line": 32, "column": null } },
			"13": { "start": { "line": 32, "column": 3 }, "end": { "line": 32, "column": null } },
			"14": { "start": { "line": 35, "column": 2 }, "end": { "line": 35, "column": null } },
			"15": { "start": { "line": 40, "column": 1 }, "end": { "line": 40, "column": null } },
			"16": { "start": { "line": 44, "column": 1 }, "end": { "line": 44, "column": null } },
			"17": { "start": { "line": 48, "column": 1 }, "end": { "line": 48, "column": null } },
			"18": { "start": { "line": 52, "column": 1 }, "end": { "line": 52, "column": null } }
		},
		"fnMap": {
			"0": {
				"name": "getCachedDivisions",
				"decl": { "start": { "line": 11, "column": 22 }, "end": { "line": 11, "column": 41 } },
				"loc": { "start": { "line": 11, "column": 112 }, "end": { "line": 36, "column": null } },
				"line": 11
			},
			"1": {
				"name": "(anonymous_1)",
				"decl": { "start": { "line": 15, "column": 62 }, "end": { "line": 15, "column": 67 } },
				"loc": { "start": { "line": 15, "column": 76 }, "end": { "line": 15, "column": 94 } },
				"line": 15
			},
			"2": {
				"name": "(anonymous_2)",
				"decl": { "start": { "line": 18, "column": 25 }, "end": { "line": 18, "column": 33 } },
				"loc": { "start": { "line": 18, "column": 46 }, "end": { "line": 36, "column": null } },
				"line": 18
			},
			"3": {
				"name": "getCachedDivisionByDbId",
				"decl": { "start": { "line": 39, "column": 22 }, "end": { "line": 39, "column": 46 } },
				"loc": { "start": { "line": 39, "column": 60 }, "end": { "line": 40, "column": null } },
				"line": 39
			},
			"4": {
				"name": "getCachedDivisionByDiscordRoleId",
				"decl": { "start": { "line": 43, "column": 22 }, "end": { "line": 43, "column": 55 } },
				"loc": { "start": { "line": 43, "column": 78 }, "end": { "line": 44, "column": null } },
				"line": 43
			},
			"5": {
				"name": "getCachedDivisionByCode",
				"decl": { "start": { "line": 47, "column": 22 }, "end": { "line": 47, "column": 46 } },
				"loc": { "start": { "line": 47, "column": 60 }, "end": { "line": 48, "column": null } },
				"line": 47
			},
			"6": {
				"name": "getCachedDivisionsByKind",
				"decl": { "start": { "line": 51, "column": 22 }, "end": { "line": 51, "column": 47 } },
				"loc": { "start": { "line": 51, "column": 67 }, "end": { "line": 52, "column": null } },
				"line": 51
			}
		},
		"branchMap": {
			"0": {
				"loc": { "start": { "line": 11, "column": 41 }, "end": { "line": 11, "column": 110 } },
				"type": "default-arg",
				"locations": [{ "start": { "line": 11, "column": 108 }, "end": { "line": 11, "column": 110 } }],
				"line": 11
			},
			"1": {
				"loc": { "start": { "line": 11, "column": 62 }, "end": { "line": 11, "column": 108 } },
				"type": "default-arg",
				"locations": [{ "start": { "line": 11, "column": 77 }, "end": { "line": 11, "column": 108 } }],
				"line": 11
			},
			"2": {
				"loc": { "start": { "line": 14, "column": 18 }, "end": { "line": 14, "column": null } },
				"type": "cond-expr",
				"locations": [
					{ "start": { "line": 14, "column": 42 }, "end": { "line": 14, "column": 54 } },
					{ "start": { "line": 14, "column": 57 }, "end": { "line": 14, "column": null } }
				],
				"line": 14
			},
			"3": {
				"loc": { "start": { "line": 14, "column": 18 }, "end": { "line": 14, "column": 42 } },
				"type": "binary-expr",
				"locations": [
					{ "start": { "line": 14, "column": 18 }, "end": { "line": 14, "column": 25 } },
					{ "start": { "line": 14, "column": 25 }, "end": { "line": 14, "column": 42 } }
				],
				"line": 14
			},
			"4": {
				"loc": { "start": { "line": 15, "column": 20 }, "end": { "line": 15, "column": null } },
				"type": "cond-expr",
				"locations": [
					{ "start": { "line": 15, "column": 48 }, "end": { "line": 15, "column": 96 } },
					{ "start": { "line": 15, "column": 99 }, "end": { "line": 15, "column": null } }
				],
				"line": 15
			},
			"5": {
				"loc": { "start": { "line": 15, "column": 20 }, "end": { "line": 15, "column": 48 } },
				"type": "binary-expr",
				"locations": [
					{ "start": { "line": 15, "column": 20 }, "end": { "line": 15, "column": 29 } },
					{ "start": { "line": 15, "column": 29 }, "end": { "line": 15, "column": 48 } }
				],
				"line": 15
			},
			"6": {
				"loc": { "start": { "line": 16, "column": 20 }, "end": { "line": 16, "column": null } },
				"type": "cond-expr",
				"locations": [
					{ "start": { "line": 16, "column": 48 }, "end": { "line": 16, "column": 62 } },
					{ "start": { "line": 16, "column": 65 }, "end": { "line": 16, "column": null } }
				],
				"line": 16
			},
			"7": {
				"loc": { "start": { "line": 16, "column": 20 }, "end": { "line": 16, "column": 48 } },
				"type": "binary-expr",
				"locations": [
					{ "start": { "line": 16, "column": 20 }, "end": { "line": 16, "column": 29 } },
					{ "start": { "line": 16, "column": 29 }, "end": { "line": 16, "column": 48 } }
				],
				"line": 16
			},
			"8": {
				"loc": { "start": { "line": 19, "column": 2 }, "end": { "line": 20, "column": null } },
				"type": "if",
				"locations": [
					{ "start": { "line": 19, "column": 2 }, "end": { "line": 20, "column": null } },
					{ "start": {}, "end": {} }
				],
				"line": 19
			},
			"9": {
				"loc": { "start": { "line": 19, "column": 6 }, "end": { "line": 19, "column": 44 } },
				"type": "binary-expr",
				"locations": [
					{ "start": { "line": 19, "column": 6 }, "end": { "line": 19, "column": 18 } },
					{ "start": { "line": 19, "column": 18 }, "end": { "line": 19, "column": 44 } }
				],
				"line": 19
			},
			"10": {
				"loc": { "start": { "line": 23, "column": 2 }, "end": { "line": 24, "column": null } },
				"type": "if",
				"locations": [
					{ "start": { "line": 23, "column": 2 }, "end": { "line": 24, "column": null } },
					{ "start": {}, "end": {} }
				],
				"line": 23
			},
			"11": {
				"loc": { "start": { "line": 23, "column": 6 }, "end": { "line": 23, "column": 64 } },
				"type": "binary-expr",
				"locations": [
					{ "start": { "line": 23, "column": 6 }, "end": { "line": 23, "column": 20 } },
					{ "start": { "line": 23, "column": 20 }, "end": { "line": 23, "column": 64 } }
				],
				"line": 23
			},
			"12": {
				"loc": { "start": { "line": 27, "column": 2 }, "end": { "line": 28, "column": null } },
				"type": "if",
				"locations": [
					{ "start": { "line": 27, "column": 2 }, "end": { "line": 28, "column": null } },
					{ "start": {}, "end": {} }
				],
				"line": 27
			},
			"13": {
				"loc": { "start": { "line": 27, "column": 6 }, "end": { "line": 27, "column": 50 } },
				"type": "binary-expr",
				"locations": [
					{ "start": { "line": 27, "column": 6 }, "end": { "line": 27, "column": 20 } },
					{ "start": { "line": 27, "column": 20 }, "end": { "line": 27, "column": 50 } }
				],
				"line": 27
			},
			"14": {
				"loc": { "start": { "line": 31, "column": 2 }, "end": { "line": 32, "column": null } },
				"type": "if",
				"locations": [
					{ "start": { "line": 31, "column": 2 }, "end": { "line": 32, "column": null } },
					{ "start": {}, "end": {} }
				],
				"line": 31
			},
			"15": {
				"loc": { "start": { "line": 31, "column": 6 }, "end": { "line": 31, "column": 66 } },
				"type": "binary-expr",
				"locations": [
					{ "start": { "line": 31, "column": 6 }, "end": { "line": 31, "column": 23 } },
					{ "start": { "line": 31, "column": 23 }, "end": { "line": 31, "column": 44 } },
					{ "start": { "line": 31, "column": 44 }, "end": { "line": 31, "column": 66 } }
				],
				"line": 31
			},
			"16": {
				"loc": { "start": { "line": 52, "column": 1 }, "end": { "line": 52, "column": 62 } },
				"type": "binary-expr",
				"locations": [
					{ "start": { "line": 52, "column": 1 }, "end": { "line": 52, "column": 56 } },
					{ "start": { "line": 52, "column": 60 }, "end": { "line": 52, "column": 62 } }
				],
				"line": 52
			}
		},
		"s": {
			"0": 0,
			"1": 0,
			"2": 0,
			"3": 0,
			"4": 0,
			"5": 0,
			"6": 0,
			"7": 0,
			"8": 0,
			"9": 0,
			"10": 0,
			"11": 0,
			"12": 0,
			"13": 0,
			"14": 0,
			"15": 0,
			"16": 0,
			"17": 0,
			"18": 0
		},
		"f": { "0": 0, "1": 0, "2": 0, "3": 0, "4": 0, "5": 0, "6": 0 },
		"b": {
			"0": [0],
			"1": [0],
			"2": [0, 0],
			"3": [0, 0],
			"4": [0, 0],
			"5": [0, 0],
			"6": [0, 0],
			"7": [0, 0],
			"8": [0, 0],
			"9": [0, 0],
			"10": [0, 0],
			"11": [0, 0],
			"12": [0, 0],
			"13": [0, 0],
			"14": [0, 0],
			"15": [0, 0, 0],
			"16": [0, 0]
		},
		"meta": {
			"lastBranch": 17,
			"lastFunction": 7,
			"lastStatement": 19,
			"seen": {
				"f:11:22:11:41": 0,
				"b:11:108:11:110": 0,
				"b:11:77:11:108": 1,
				"s:12:15:12:44": 0,
				"s:14:18:14:Infinity": 1,
				"b:14:42:14:54:14:57:14:Infinity": 2,
				"b:14:18:14:25:14:25:14:42": 3,
				"s:15:20:15:Infinity": 2,
				"b:15:48:15:96:15:99:15:Infinity": 4,
				"b:15:20:15:29:15:29:15:48": 5,
				"f:15:62:15:67": 1,
				"s:15:76:15:94": 3,
				"s:16:20:16:Infinity": 4,
				"b:16:48:16:62:16:65:16:Infinity": 6,
				"b:16:20:16:29:16:29:16:48": 7,
				"s:18:1:36:Infinity": 5,
				"f:18:25:18:33": 2,
				"b:19:2:20:Infinity:undefined:undefined:undefined:undefined": 8,
				"s:19:2:20:Infinity": 6,
				"b:19:6:19:18:19:18:19:44": 9,
				"s:20:3:20:Infinity": 7,
				"b:23:2:24:Infinity:undefined:undefined:undefined:undefined": 10,
				"s:23:2:24:Infinity": 8,
				"b:23:6:23:20:23:20:23:64": 11,
				"s:24:3:24:Infinity": 9,
				"b:27:2:28:Infinity:undefined:undefined:undefined:undefined": 12,
				"s:27:2:28:Infinity": 10,
				"b:27:6:27:20:27:20:27:50": 13,
				"s:28:3:28:Infinity": 11,
				"b:31:2:32:Infinity:undefined:undefined:undefined:undefined": 14,
				"s:31:2:32:Infinity": 12,
				"b:31:6:31:23:31:23:31:44:31:44:31:66": 15,
				"s:32:3:32:Infinity": 13,
				"s:35:2:35:Infinity": 14,
				"f:39:22:39:46": 3,
				"s:40:1:40:Infinity": 15,
				"f:43:22:43:55": 4,
				"s:44:1:44:Infinity": 16,
				"f:47:22:47:46": 5,
				"s:48:1:48:Infinity": 17,
				"f:51:22:51:47": 6,
				"s:52:1:52:Infinity": 18,
				"b:52:1:52:56:52:60:52:62": 16
			}
		}
	},
	"/Users/whyit/code/EvenLegion/arbiter-v3/src/integrations/prisma/divisionCache/initDivisionCache.ts": {
		"path": "/Users/whyit/code/EvenLegion/arbiter-v3/src/integrations/prisma/divisionCache/initDivisionCache.ts",
		"statementMap": {
			"0": { "start": { "line": 14, "column": 47 }, "end": { "line": 14, "column": null } },
			"1": { "start": { "line": 17, "column": 16 }, "end": { "line": 17, "column": null } },
			"2": { "start": { "line": 19, "column": 19 }, "end": { "line": 19, "column": 44 } },
			"3": { "start": { "line": 20, "column": 16 }, "end": { "line": 20, "column": 43 } },
			"4": { "start": { "line": 21, "column": 25 }, "end": { "line": 21, "column": 52 } },
			"5": { "start": { "line": 22, "column": 16 }, "end": { "line": 22, "column": 43 } },
			"6": { "start": { "line": 23, "column": 16 }, "end": { "line": 23, "column": 51 } },
			"7": { "start": { "line": 25, "column": 1 }, "end": { "line": 33, "column": null } },
			"8": { "start": { "line": 26, "column": 2 }, "end": { "line": 26, "column": null } },
			"9": { "start": { "line": 27, "column": 2 }, "end": { "line": 27, "column": null } },
			"10": { "start": { "line": 27, "column": 30 }, "end": { "line": 27, "column": null } },
			"11": { "start": { "line": 28, "column": 2 }, "end": { "line": 28, "column": null } },
			"12": { "start": { "line": 30, "column": 2 }, "end": { "line": 31, "column": null } },
			"13": { "start": { "line": 31, "column": 3 }, "end": { "line": 31, "column": null } },
			"14": { "start": { "line": 33, "column": 2 }, "end": { "line": 33, "column": null } },
			"15": { "start": { "line": 36, "column": 1 }, "end": { "line": 42, "column": null } },
			"16": { "start": { "line": 44, "column": 1 }, "end": { "line": 50, "column": null } },
			"17": { "start": { "line": 54, "column": 1 }, "end": { "line": 56, "column": null } },
			"18": { "start": { "line": 55, "column": 2 }, "end": { "line": 55, "column": null } },
			"19": { "start": { "line": 56, "column": 2 }, "end": { "line": 56, "column": null } },
			"20": { "start": { "line": 59, "column": 1 }, "end": { "line": 59, "column": null } }
		},
		"fnMap": {
			"0": {
				"name": "initializeDivisionCache",
				"decl": { "start": { "line": 16, "column": 22 }, "end": { "line": 16, "column": 48 } },
				"loc": { "start": { "line": 16, "column": 48 }, "end": { "line": 50, "column": null } },
				"line": 16
			},
			"1": {
				"name": "getDivisionCacheState",
				"decl": { "start": { "line": 53, "column": 22 }, "end": { "line": 53, "column": 46 } },
				"loc": { "start": { "line": 53, "column": 46 }, "end": { "line": 59, "column": null } },
				"line": 53
			}
		},
		"branchMap": {
			"0": {
				"loc": { "start": { "line": 27, "column": 2 }, "end": { "line": 27, "column": null } },
				"type": "if",
				"locations": [
					{ "start": { "line": 27, "column": 2 }, "end": { "line": 27, "column": null } },
					{ "start": {}, "end": {} }
				],
				"line": 27
			},
			"1": {
				"loc": { "start": { "line": 30, "column": 2 }, "end": { "line": 31, "column": null } },
				"type": "if",
				"locations": [
					{ "start": { "line": 30, "column": 2 }, "end": { "line": 31, "column": null } },
					{ "start": {}, "end": {} }
				],
				"line": 30
			},
			"2": {
				"loc": { "start": { "line": 54, "column": 1 }, "end": { "line": 56, "column": null } },
				"type": "if",
				"locations": [
					{ "start": { "line": 54, "column": 1 }, "end": { "line": 56, "column": null } },
					{ "start": {}, "end": {} }
				],
				"line": 54
			}
		},
		"s": {
			"0": 5,
			"1": 0,
			"2": 0,
			"3": 0,
			"4": 0,
			"5": 0,
			"6": 0,
			"7": 0,
			"8": 0,
			"9": 0,
			"10": 0,
			"11": 0,
			"12": 0,
			"13": 0,
			"14": 0,
			"15": 0,
			"16": 0,
			"17": 0,
			"18": 0,
			"19": 0,
			"20": 0
		},
		"f": { "0": 0, "1": 0 },
		"b": { "0": [0, 0], "1": [0, 0], "2": [0, 0] },
		"meta": {
			"lastBranch": 3,
			"lastFunction": 2,
			"lastStatement": 21,
			"seen": {
				"s:14:47:14:Infinity": 0,
				"f:16:22:16:48": 0,
				"s:17:16:17:Infinity": 1,
				"s:19:19:19:44": 2,
				"s:20:16:20:43": 3,
				"s:21:25:21:52": 4,
				"s:22:16:22:43": 5,
				"s:23:16:23:51": 6,
				"s:25:1:33:Infinity": 7,
				"s:26:2:26:Infinity": 8,
				"b:27:2:27:Infinity:undefined:undefined:undefined:undefined": 0,
				"s:27:2:27:Infinity": 9,
				"s:27:30:27:Infinity": 10,
				"s:28:2:28:Infinity": 11,
				"b:30:2:31:Infinity:undefined:undefined:undefined:undefined": 1,
				"s:30:2:31:Infinity": 12,
				"s:31:3:31:Infinity": 13,
				"s:33:2:33:Infinity": 14,
				"s:36:1:42:Infinity": 15,
				"s:44:1:50:Infinity": 16,
				"f:53:22:53:46": 1,
				"b:54:1:56:Infinity:undefined:undefined:undefined:undefined": 2,
				"s:54:1:56:Infinity": 17,
				"s:55:2:55:Infinity": 18,
				"s:56:2:56:Infinity": 19,
				"s:59:1:59:Infinity": 20
			}
		}
	},
	"/Users/whyit/code/EvenLegion/arbiter-v3/src/integrations/prisma/event/combineWhereConditions.ts": {
		"path": "/Users/whyit/code/EvenLegion/arbiter-v3/src/integrations/prisma/event/combineWhereConditions.ts",
		"statementMap": {
			"0": { "start": { "line": 8, "column": 1 }, "end": { "line": 9, "column": null } },
			"1": { "start": { "line": 9, "column": 2 }, "end": { "line": 9, "column": null } },
			"2": { "start": { "line": 12, "column": 1 }, "end": { "line": 14, "column": null } }
		},
		"fnMap": {
			"0": {
				"name": "combineWhereConditions",
				"decl": { "start": { "line": 1, "column": 16 }, "end": { "line": 1, "column": 79 } },
				"loc": { "start": { "line": 7, "column": 23 }, "end": { "line": 14, "column": null } },
				"line": 7
			}
		},
		"branchMap": {
			"0": {
				"loc": { "start": { "line": 8, "column": 1 }, "end": { "line": 9, "column": null } },
				"type": "if",
				"locations": [
					{ "start": { "line": 8, "column": 1 }, "end": { "line": 9, "column": null } },
					{ "start": {}, "end": {} }
				],
				"line": 8
			}
		},
		"s": { "0": 0, "1": 0, "2": 0 },
		"f": { "0": 0 },
		"b": { "0": [0, 0] },
		"meta": {
			"lastBranch": 1,
			"lastFunction": 1,
			"lastStatement": 3,
			"seen": {
				"f:1:16:1:79": 0,
				"b:8:1:9:Infinity:undefined:undefined:undefined:undefined": 0,
				"s:8:1:9:Infinity": 0,
				"s:9:2:9:Infinity": 1,
				"s:12:1:14:Infinity": 2
			}
		}
	},
	"/Users/whyit/code/EvenLegion/arbiter-v3/src/integrations/prisma/event/review/eventReviewPageHelpers.ts": {
		"path": "/Users/whyit/code/EvenLegion/arbiter-v3/src/integrations/prisma/event/review/eventReviewPageHelpers.ts",
		"statementMap": {
			"0": { "start": { "line": 16, "column": 1 }, "end": { "line": 17, "column": null } },
			"1": { "start": { "line": 17, "column": 2 }, "end": { "line": 17, "column": null } },
			"2": { "start": { "line": 20, "column": 1 }, "end": { "line": 20, "column": null } },
			"3": { "start": { "line": 24, "column": 20 }, "end": { "line": 24, "column": 68 } },
			"4": { "start": { "line": 25, "column": 22 }, "end": { "line": 25, "column": 48 } },
			"5": { "start": { "line": 27, "column": 1 }, "end": { "line": 31, "column": null } },
			"6": { "start": { "line": 35, "column": 1 }, "end": { "line": 53, "column": null } },
			"7": { "start": { "line": 57, "column": 1 }, "end": { "line": 58, "column": null } },
			"8": { "start": { "line": 58, "column": 2 }, "end": { "line": 58, "column": null } },
			"9": { "start": { "line": 61, "column": 1 }, "end": { "line": 72, "column": null } },
			"10": { "start": { "line": 82, "column": 26 }, "end": { "line": 82, "column": 94 } },
			"11": { "start": { "line": 82, "column": 60 }, "end": { "line": 82, "column": 92 } },
			"12": { "start": { "line": 84, "column": 1 }, "end": { "line": 91, "column": null } },
			"13": { "start": { "line": 84, "column": 38 }, "end": { "line": 91, "column": 4 } }
		},
		"fnMap": {
			"0": {
				"name": "resolveEventReviewPageSize",
				"decl": { "start": { "line": 15, "column": 16 }, "end": { "line": 15, "column": 43 } },
				"loc": { "start": { "line": 15, "column": 134 }, "end": { "line": 20, "column": null } },
				"line": 15
			},
			"1": {
				"name": "resolveEventReviewPageBounds",
				"decl": { "start": { "line": 23, "column": 16 }, "end": { "line": 23, "column": 45 } },
				"loc": { "start": { "line": 23, "column": 139 }, "end": { "line": 31, "column": null } },
				"line": 23
			},
			"2": {
				"name": "findEventReviewParticipantRows",
				"decl": { "start": { "line": 34, "column": 22 }, "end": { "line": 34, "column": 53 } },
				"loc": { "start": { "line": 34, "column": 149 }, "end": { "line": 53, "column": null } },
				"line": 34
			},
			"3": {
				"name": "findEventReviewDecisionRows",
				"decl": { "start": { "line": 56, "column": 22 }, "end": { "line": 56, "column": 50 } },
				"loc": { "start": { "line": 56, "column": 138 }, "end": { "line": 72, "column": null } },
				"line": 56
			},
			"4": {
				"name": "mapEventReviewAttendees",
				"decl": { "start": { "line": 75, "column": 16 }, "end": { "line": 75, "column": 40 } },
				"loc": { "start": { "line": 81, "column": 30 }, "end": { "line": 91, "column": null } },
				"line": 81
			},
			"5": {
				"name": "(anonymous_5)",
				"decl": { "start": { "line": 82, "column": 47 }, "end": { "line": 82, "column": 52 } },
				"loc": { "start": { "line": 82, "column": 60 }, "end": { "line": 82, "column": 92 } },
				"line": 82
			},
			"6": {
				"name": "(anonymous_6)",
				"decl": { "start": { "line": 84, "column": 24 }, "end": { "line": 84, "column": 29 } },
				"loc": { "start": { "line": 84, "column": 38 }, "end": { "line": 91, "column": 4 } },
				"line": 84
			}
		},
		"branchMap": {
			"0": {
				"loc": { "start": { "line": 16, "column": 1 }, "end": { "line": 17, "column": null } },
				"type": "if",
				"locations": [
					{ "start": { "line": 16, "column": 1 }, "end": { "line": 17, "column": null } },
					{ "start": {}, "end": {} }
				],
				"line": 16
			},
			"1": {
				"loc": { "start": { "line": 20, "column": 8 }, "end": { "line": 20, "column": null } },
				"type": "cond-expr",
				"locations": [
					{ "start": { "line": 20, "column": 64 }, "end": { "line": 20, "column": 100 } },
					{ "start": { "line": 20, "column": 100 }, "end": { "line": 20, "column": null } }
				],
				"line": 20
			},
			"2": {
				"loc": { "start": { "line": 57, "column": 1 }, "end": { "line": 58, "column": null } },
				"type": "if",
				"locations": [
					{ "start": { "line": 57, "column": 1 }, "end": { "line": 58, "column": null } },
					{ "start": {}, "end": {} }
				],
				"line": 57
			},
			"3": {
				"loc": { "start": { "line": 90, "column": 12 }, "end": { "line": 90, "column": null } },
				"type": "binary-expr",
				"locations": [
					{ "start": { "line": 90, "column": 12 }, "end": { "line": 90, "column": 44 } },
					{ "start": { "line": 90, "column": 48 }, "end": { "line": 90, "column": null } }
				],
				"line": 90
			}
		},
		"s": { "0": 0, "1": 0, "2": 0, "3": 0, "4": 0, "5": 0, "6": 0, "7": 0, "8": 0, "9": 0, "10": 0, "11": 0, "12": 0, "13": 0 },
		"f": { "0": 0, "1": 0, "2": 0, "3": 0, "4": 0, "5": 0, "6": 0 },
		"b": { "0": [0, 0], "1": [0, 0], "2": [0, 0], "3": [0, 0] },
		"meta": {
			"lastBranch": 4,
			"lastFunction": 7,
			"lastStatement": 14,
			"seen": {
				"f:15:16:15:43": 0,
				"b:16:1:17:Infinity:undefined:undefined:undefined:undefined": 0,
				"s:16:1:17:Infinity": 0,
				"s:17:2:17:Infinity": 1,
				"s:20:1:20:Infinity": 2,
				"b:20:64:20:100:20:100:20:Infinity": 1,
				"f:23:16:23:45": 1,
				"s:24:20:24:68": 3,
				"s:25:22:25:48": 4,
				"s:27:1:31:Infinity": 5,
				"f:34:22:34:53": 2,
				"s:35:1:53:Infinity": 6,
				"f:56:22:56:50": 3,
				"b:57:1:58:Infinity:undefined:undefined:undefined:undefined": 2,
				"s:57:1:58:Infinity": 7,
				"s:58:2:58:Infinity": 8,
				"s:61:1:72:Infinity": 9,
				"f:75:16:75:40": 4,
				"s:82:26:82:94": 10,
				"f:82:47:82:52": 5,
				"s:82:60:82:92": 11,
				"s:84:1:91:Infinity": 12,
				"f:84:24:84:29": 6,
				"s:84:38:91:4": 13,
				"b:90:12:90:44:90:48:90:Infinity": 3
			}
		}
	},
	"/Users/whyit/code/EvenLegion/arbiter-v3/src/integrations/prisma/event/review/finalizeEventReviewTransaction.ts": {
		"path": "/Users/whyit/code/EvenLegion/arbiter-v3/src/integrations/prisma/event/review/finalizeEventReviewTransaction.ts",
		"statementMap": {
			"0": { "start": { "line": 26, "column": 2 }, "end": { "line": 26, "column": null } },
			"1": { "start": { "line": 28, "column": 13 }, "end": { "line": 28, "column": 23 } },
			"2": { "start": { "line": 30, "column": 1 }, "end": { "line": 76, "column": null } },
			"3": { "start": { "line": 31, "column": 23 }, "end": { "line": 31, "column": 82 } },
			"4": { "start": { "line": 33, "column": 2 }, "end": { "line": 34, "column": null } },
			"5": { "start": { "line": 34, "column": 3 }, "end": { "line": 34, "column": null } },
			"6": { "start": { "line": 37, "column": 18 }, "end": { "line": 43, "column": 4 } },
			"7": { "start": { "line": 44, "column": 2 }, "end": { "line": 45, "column": null } },
			"8": { "start": { "line": 45, "column": 3 }, "end": { "line": 45, "column": null } },
			"9": { "start": { "line": 48, "column": 2 }, "end": { "line": 49, "column": null } },
			"10": { "start": { "line": 49, "column": 3 }, "end": { "line": 49, "column": null } },
			"11": { "start": { "line": 52, "column": 28 }, "end": { "line": 52, "column": 75 } },
			"12": { "start": { "line": 54, "column": 2 }, "end": { "line": 55, "column": null } },
			"13": { "start": { "line": 55, "column": 3 }, "end": { "line": 55, "column": null } },
			"14": { "start": { "line": 58, "column": 27 }, "end": { "line": 64, "column": 4 } },
			"15": { "start": { "line": 66, "column": 2 }, "end": { "line": 75, "column": null } },
			"16": { "start": { "line": 71, "column": 49 }, "end": { "line": 74, "column": null } }
		},
		"fnMap": {
			"0": {
				"name": "finalizeEventReviewTransaction",
				"decl": { "start": { "line": 16, "column": 22 }, "end": { "line": 16, "column": 53 } },
				"loc": { "start": { "line": 24, "column": 39 }, "end": { "line": 76, "column": null } },
				"line": 24
			},
			"1": {
				"name": "(anonymous_1)",
				"decl": { "start": { "line": 30, "column": 28 }, "end": { "line": 30, "column": 35 } },
				"loc": { "start": { "line": 30, "column": 42 }, "end": { "line": 76, "column": null } },
				"line": 30
			},
			"2": {
				"name": "(anonymous_2)",
				"decl": { "start": { "line": 71, "column": 35 }, "end": { "line": 71, "column": 40 } },
				"loc": { "start": { "line": 71, "column": 49 }, "end": { "line": 74, "column": null } },
				"line": 71
			}
		},
		"branchMap": {
			"0": {
				"loc": { "start": { "line": 26, "column": 2 }, "end": { "line": 26, "column": null } },
				"type": "cond-expr",
				"locations": [
					{ "start": { "line": 26, "column": 20 }, "end": { "line": 26, "column": 62 } },
					{ "start": { "line": 26, "column": 62 }, "end": { "line": 26, "column": null } }
				],
				"line": 26
			},
			"1": {
				"loc": { "start": { "line": 33, "column": 2 }, "end": { "line": 34, "column": null } },
				"type": "if",
				"locations": [
					{ "start": { "line": 33, "column": 2 }, "end": { "line": 34, "column": null } },
					{ "start": {}, "end": {} }
				],
				"line": 33
			},
			"2": {
				"loc": { "start": { "line": 33, "column": 6 }, "end": { "line": 33, "column": 86 } },
				"type": "binary-expr",
				"locations": [
					{ "start": { "line": 33, "column": 6 }, "end": { "line": 33, "column": 23 } },
					{ "start": { "line": 33, "column": 23 }, "end": { "line": 33, "column": 86 } }
				],
				"line": 33
			},
			"3": {
				"loc": { "start": { "line": 44, "column": 2 }, "end": { "line": 45, "column": null } },
				"type": "if",
				"locations": [
					{ "start": { "line": 44, "column": 2 }, "end": { "line": 45, "column": null } },
					{ "start": {}, "end": {} }
				],
				"line": 44
			},
			"4": {
				"loc": { "start": { "line": 48, "column": 2 }, "end": { "line": 49, "column": null } },
				"type": "if",
				"locations": [
					{ "start": { "line": 48, "column": 2 }, "end": { "line": 49, "column": null } },
					{ "start": {}, "end": {} }
				],
				"line": 48
			},
			"5": {
				"loc": { "start": { "line": 54, "column": 2 }, "end": { "line": 55, "column": null } },
				"type": "if",
				"locations": [
					{ "start": { "line": 54, "column": 2 }, "end": { "line": 55, "column": null } },
					{ "start": {}, "end": {} }
				],
				"line": 54
			}
		},
		"s": {
			"0": 0,
			"1": 0,
			"2": 0,
			"3": 0,
			"4": 0,
			"5": 0,
			"6": 0,
			"7": 0,
			"8": 0,
			"9": 0,
			"10": 0,
			"11": 0,
			"12": 0,
			"13": 0,
			"14": 0,
			"15": 0,
			"16": 0
		},
		"f": { "0": 0, "1": 0, "2": 0 },
		"b": { "0": [0, 0], "1": [0, 0], "2": [0, 0], "3": [0, 0], "4": [0, 0], "5": [0, 0] },
		"meta": {
			"lastBranch": 6,
			"lastFunction": 3,
			"lastStatement": 17,
			"seen": {
				"f:16:22:16:53": 0,
				"s:26:2:26:Infinity": 0,
				"b:26:20:26:62:26:62:26:Infinity": 0,
				"s:28:13:28:23": 1,
				"s:30:1:76:Infinity": 2,
				"f:30:28:30:35": 1,
				"s:31:23:31:82": 3,
				"b:33:2:34:Infinity:undefined:undefined:undefined:undefined": 1,
				"s:33:2:34:Infinity": 4,
				"b:33:6:33:23:33:23:33:86": 2,
				"s:34:3:34:Infinity": 5,
				"s:37:18:43:4": 6,
				"b:44:2:45:Infinity:undefined:undefined:undefined:undefined": 3,
				"s:44:2:45:Infinity": 7,
				"s:45:3:45:Infinity": 8,
				"b:48:2:49:Infinity:undefined:undefined:undefined:undefined": 4,
				"s:48:2:49:Infinity": 9,
				"s:49:3:49:Infinity": 10,
				"s:52:28:52:75": 11,
				"b:54:2:55:Infinity:undefined:undefined:undefined:undefined": 5,
				"s:54:2:55:Infinity": 12,
				"s:55:3:55:Infinity": 13,
				"s:58:27:64:4": 14,
				"s:66:2:75:Infinity": 15,
				"f:71:35:71:40": 2,
				"s:71:49:74:Infinity": 16
			}
		}
	},
	"/Users/whyit/code/EvenLegion/arbiter-v3/src/integrations/prisma/event/review/finalizeEventReviewTransactionHelpers.ts": {
		"path": "/Users/whyit/code/EvenLegion/arbiter-v3/src/integrations/prisma/event/review/finalizeEventReviewTransactionHelpers.ts",
		"statementMap": {
			"0": { "start": { "line": 17, "column": 1 }, "end": { "line": 23, "column": null } },
			"1": { "start": { "line": 27, "column": 1 }, "end": { "line": 33, "column": null } },
			"2": { "start": { "line": 37, "column": 1 }, "end": { "line": 55, "column": null } },
			"3": { "start": { "line": 71, "column": 1 }, "end": { "line": 81, "column": null } },
			"4": { "start": { "line": 85, "column": 1 }, "end": { "line": 99, "column": null } },
			"5": { "start": { "line": 115, "column": 1 }, "end": { "line": 124, "column": null } },
			"6": { "start": { "line": 116, "column": 40 }, "end": { "line": 122, "column": 5 } }
		},
		"fnMap": {
			"0": {
				"name": "buildUnfinalizedEventReviewResult",
				"decl": { "start": { "line": 16, "column": 16 }, "end": { "line": 16, "column": 50 } },
				"loc": { "start": { "line": 16, "column": 114 }, "end": { "line": 23, "column": null } },
				"line": 16
			},
			"1": {
				"name": "buildFinalizedWithoutMeritsResult",
				"decl": { "start": { "line": 26, "column": 16 }, "end": { "line": 26, "column": 50 } },
				"loc": { "start": { "line": 26, "column": 114 }, "end": { "line": 33, "column": null } },
				"line": 26
			},
			"2": {
				"name": "loadFinalizableEventReviewSession",
				"decl": { "start": { "line": 36, "column": 22 }, "end": { "line": 36, "column": 56 } },
				"loc": { "start": { "line": 36, "column": 110 }, "end": { "line": 55, "column": null } },
				"line": 36
			},
			"3": {
				"name": "finalizeEventReviewState",
				"decl": { "start": { "line": 58, "column": 22 }, "end": { "line": 58, "column": 47 } },
				"loc": { "start": { "line": 70, "column": 3 }, "end": { "line": 81, "column": null } },
				"line": 70
			},
			"4": {
				"name": "findMeritDecisionRows",
				"decl": { "start": { "line": 84, "column": 22 }, "end": { "line": 84, "column": 44 } },
				"loc": { "start": { "line": 84, "column": 98 }, "end": { "line": 99, "column": null } },
				"line": 84
			},
			"5": {
				"name": "createFinalizedEventReviewMerits",
				"decl": { "start": { "line": 102, "column": 22 }, "end": { "line": 102, "column": 55 } },
				"loc": { "start": { "line": 114, "column": 3 }, "end": { "line": 124, "column": null } },
				"line": 114
			},
			"6": {
				"name": "(anonymous_6)",
				"decl": { "start": { "line": 116, "column": 26 }, "end": { "line": 116, "column": 31 } },
				"loc": { "start": { "line": 116, "column": 40 }, "end": { "line": 122, "column": 5 } },
				"line": 116
			}
		},
		"branchMap": {},
		"s": { "0": 0, "1": 0, "2": 0, "3": 0, "4": 0, "5": 0, "6": 0 },
		"f": { "0": 0, "1": 0, "2": 0, "3": 0, "4": 0, "5": 0, "6": 0 },
		"b": {},
		"meta": {
			"lastBranch": 0,
			"lastFunction": 7,
			"lastStatement": 7,
			"seen": {
				"f:16:16:16:50": 0,
				"s:17:1:23:Infinity": 0,
				"f:26:16:26:50": 1,
				"s:27:1:33:Infinity": 1,
				"f:36:22:36:56": 2,
				"s:37:1:55:Infinity": 2,
				"f:58:22:58:47": 3,
				"s:71:1:81:Infinity": 3,
				"f:84:22:84:44": 4,
				"s:85:1:99:Infinity": 4,
				"f:102:22:102:55": 5,
				"s:115:1:124:Infinity": 5,
				"f:116:26:116:31": 6,
				"s:116:40:122:5": 6
			}
		}
	},
	"/Users/whyit/code/EvenLegion/arbiter-v3/src/integrations/prisma/event/review/getEventReviewPage.ts": {
		"path": "/Users/whyit/code/EvenLegion/arbiter-v3/src/integrations/prisma/event/review/getEventReviewPage.ts",
		"statementMap": {
			"0": { "start": { "line": 38, "column": 37 }, "end": { "line": 42, "column": 2 } },
			"1": { "start": { "line": 45, "column": 16 }, "end": { "line": 49, "column": 3 } },
			"2": { "start": { "line": 51, "column": 22 }, "end": { "line": 63, "column": 3 } },
			"3": { "start": { "line": 64, "column": 1 }, "end": { "line": 65, "column": null } },
			"4": { "start": { "line": 65, "column": 2 }, "end": { "line": 65, "column": null } },
			"5": { "start": { "line": 67, "column": 26 }, "end": { "line": 70, "column": 3 } },
			"6": { "start": { "line": 72, "column": 23 }, "end": { "line": 76, "column": 3 } },
			"7": { "start": { "line": 78, "column": 35 }, "end": { "line": 82, "column": 3 } },
			"8": { "start": { "line": 83, "column": 25 }, "end": { "line": 87, "column": 3 } },
			"9": { "start": { "line": 88, "column": 22 }, "end": { "line": 91, "column": 3 } },
			"10": { "start": { "line": 90, "column": 46 }, "end": { "line": 90, "column": null } },
			"11": { "start": { "line": 93, "column": 1 }, "end": { "line": 103, "column": null } },
			"12": { "start": { "line": 107, "column": 1 }, "end": { "line": 110, "column": null } }
		},
		"fnMap": {
			"0": {
				"name": "getEventReviewPage",
				"decl": { "start": { "line": 44, "column": 22 }, "end": { "line": 44, "column": 41 } },
				"loc": { "start": { "line": 44, "column": 140 }, "end": { "line": 103, "column": null } },
				"line": 44
			},
			"1": {
				"name": "(anonymous_1)",
				"decl": { "start": { "line": 90, "column": 33 }, "end": { "line": 90, "column": 38 } },
				"loc": { "start": { "line": 90, "column": 46 }, "end": { "line": 90, "column": null } },
				"line": 90
			},
			"2": {
				"name": "resolvePageSize",
				"decl": { "start": { "line": 106, "column": 9 }, "end": { "line": 106, "column": 25 } },
				"loc": { "start": { "line": 106, "column": 116 }, "end": { "line": 110, "column": null } },
				"line": 106
			}
		},
		"branchMap": {
			"0": {
				"loc": { "start": { "line": 44, "column": 59 }, "end": { "line": 44, "column": 69 } },
				"type": "default-arg",
				"locations": [{ "start": { "line": 44, "column": 66 }, "end": { "line": 44, "column": 69 } }],
				"line": 44
			},
			"1": {
				"loc": { "start": { "line": 64, "column": 1 }, "end": { "line": 65, "column": null } },
				"type": "if",
				"locations": [
					{ "start": { "line": 64, "column": 1 }, "end": { "line": 65, "column": null } },
					{ "start": {}, "end": {} }
				],
				"line": 64
			}
		},
		"s": { "0": 6, "1": 0, "2": 0, "3": 0, "4": 0, "5": 0, "6": 0, "7": 0, "8": 0, "9": 0, "10": 0, "11": 0, "12": 0 },
		"f": { "0": 0, "1": 0, "2": 0 },
		"b": { "0": [0], "1": [0, 0] },
		"meta": {
			"lastBranch": 2,
			"lastFunction": 3,
			"lastStatement": 13,
			"seen": {
				"s:38:37:42:2": 0,
				"f:44:22:44:41": 0,
				"b:44:66:44:69": 0,
				"s:45:16:49:3": 1,
				"s:51:22:63:3": 2,
				"b:64:1:65:Infinity:undefined:undefined:undefined:undefined": 1,
				"s:64:1:65:Infinity": 3,
				"s:65:2:65:Infinity": 4,
				"s:67:26:70:3": 5,
				"s:72:23:76:3": 6,
				"s:78:35:82:3": 7,
				"s:83:25:87:3": 8,
				"s:88:22:91:3": 9,
				"f:90:33:90:38": 1,
				"s:90:46:90:Infinity": 10,
				"s:93:1:103:Infinity": 11,
				"f:106:9:106:25": 2,
				"s:107:1:110:Infinity": 12
			}
		}
	},
	"/Users/whyit/code/EvenLegion/arbiter-v3/src/integrations/prisma/event/review/upsertEventReviewDecision.ts": {
		"path": "/Users/whyit/code/EvenLegion/arbiter-v3/src/integrations/prisma/event/review/upsertEventReviewDecision.ts",
		"statementMap": {
			"0": { "start": { "line": 11, "column": 42 }, "end": { "line": 11, "column": 73 } },
			"1": { "start": { "line": 12, "column": 44 }, "end": { "line": 16, "column": 2 } },
			"2": { "start": { "line": 19, "column": 16 }, "end": { "line": 23, "column": 3 } },
			"3": { "start": { "line": 25, "column": 1 }, "end": { "line": 40, "column": null } }
		},
		"fnMap": {
			"0": {
				"name": "upsertEventReviewDecision",
				"decl": { "start": { "line": 18, "column": 22 }, "end": { "line": 18, "column": 48 } },
				"loc": { "start": { "line": 18, "column": 127 }, "end": { "line": 40, "column": null } },
				"line": 18
			}
		},
		"branchMap": {},
		"s": { "0": 6, "1": 6, "2": 0, "3": 0 },
		"f": { "0": 0 },
		"b": {},
		"meta": {
			"lastBranch": 0,
			"lastFunction": 1,
			"lastStatement": 4,
			"seen": { "s:11:42:11:73": 0, "s:12:44:16:2": 1, "f:18:22:18:48": 0, "s:19:16:23:3": 2, "s:25:1:40:Infinity": 3 }
		}
	},
	"/Users/whyit/code/EvenLegion/arbiter-v3/src/integrations/prisma/event/review/upsertManyEventParticipantStats.ts": {
		"path": "/Users/whyit/code/EvenLegion/arbiter-v3/src/integrations/prisma/event/review/upsertManyEventParticipantStats.ts",
		"statementMap": {
			"0": { "start": { "line": 12, "column": 51 }, "end": { "line": 20, "column": 2 } },
			"1": { "start": { "line": 23, "column": 16 }, "end": { "line": 26, "column": 3 } },
			"2": { "start": { "line": 28, "column": 1 }, "end": { "line": 29, "column": null } },
			"3": { "start": { "line": 29, "column": 2 }, "end": { "line": 29, "column": null } },
			"4": { "start": { "line": 32, "column": 1 }, "end": { "line": 51, "column": null } },
			"5": { "start": { "line": 34, "column": 3 }, "end": { "line": 49, "column": 5 } }
		},
		"fnMap": {
			"0": {
				"name": "upsertManyEventParticipantStats",
				"decl": { "start": { "line": 22, "column": 22 }, "end": { "line": 22, "column": 54 } },
				"loc": { "start": { "line": 22, "column": 127 }, "end": { "line": 51, "column": null } },
				"line": 22
			},
			"1": {
				"name": "(anonymous_1)",
				"decl": { "start": { "line": 33, "column": 22 }, "end": { "line": 33, "column": 27 } },
				"loc": { "start": { "line": 34, "column": 3 }, "end": { "line": 49, "column": 5 } },
				"line": 34
			}
		},
		"branchMap": {
			"0": {
				"loc": { "start": { "line": 28, "column": 1 }, "end": { "line": 29, "column": null } },
				"type": "if",
				"locations": [
					{ "start": { "line": 28, "column": 1 }, "end": { "line": 29, "column": null } },
					{ "start": {}, "end": {} }
				],
				"line": 28
			}
		},
		"s": { "0": 6, "1": 0, "2": 0, "3": 0, "4": 0, "5": 0 },
		"f": { "0": 0, "1": 0 },
		"b": { "0": [0, 0] },
		"meta": {
			"lastBranch": 1,
			"lastFunction": 2,
			"lastStatement": 6,
			"seen": {
				"s:12:51:20:2": 0,
				"f:22:22:22:54": 0,
				"s:23:16:26:3": 1,
				"b:28:1:29:Infinity:undefined:undefined:undefined:undefined": 0,
				"s:28:1:29:Infinity": 2,
				"s:29:2:29:Infinity": 3,
				"s:32:1:51:Infinity": 4,
				"f:33:22:33:27": 1,
				"s:34:3:49:5": 5
			}
		}
	},
[...]
			}
		},
		"branchMap": {
			"0": {
				"loc": { "start": { "line": 26, "column": 12 }, "end": { "line": 26, "column": null } },
				"type": "binary-expr",
				"locations": [
					{ "start": { "line": 26, "column": 12 }, "end": { "line": 26, "column": 31 } },
					{ "start": { "line": 26, "column": 31 }, "end": { "line": 26, "column": null } }
				],
				"line": 26
			},
			"1": {
				"loc": { "start": { "line": 59, "column": 1 }, "end": { "line": 59, "column": null } },
				"type": "default-arg",
				"locations": [{ "start": { "line": 59, "column": 16 }, "end": { "line": 59, "column": null } }],
				"line": 59
			},
			"2": {
				"loc": { "start": { "line": 70, "column": 1 }, "end": { "line": 82, "column": null } },
				"type": "if",
				"locations": [
					{ "start": { "line": 70, "column": 1 }, "end": { "line": 82, "column": null } },
					{ "start": {}, "end": {} }
				],
				"line": 70
			},
			"3": {
				"loc": { "start": { "line": 76, "column": 2 }, "end": { "line": 82, "column": null } },
				"type": "if",
				"locations": [
					{ "start": { "line": 76, "column": 2 }, "end": { "line": 82, "column": null } },
					{ "start": {}, "end": {} }
				],
				"line": 76
			},
			"4": {
				"loc": { "start": { "line": 93, "column": 1 }, "end": { "line": 99, "column": null } },
				"type": "if",
				"locations": [
					{ "start": { "line": 93, "column": 1 }, "end": { "line": 99, "column": null } },
					{ "start": {}, "end": {} }
				],
				"line": 93
			},
			"5": {
				"loc": { "start": { "line": 102, "column": 1 }, "end": { "line": 107, "column": null } },
				"type": "if",
				"locations": [
					{ "start": { "line": 102, "column": 1 }, "end": { "line": 107, "column": null } },
					{ "start": {}, "end": {} }
				],
				"line": 102
			},
			"6": {
				"loc": { "start": { "line": 136, "column": 16 }, "end": { "line": 136, "column": null } },
				"type": "binary-expr",
				"locations": [
					{ "start": { "line": 136, "column": 16 }, "end": { "line": 136, "column": 47 } },
					{ "start": { "line": 136, "column": 47 }, "end": { "line": 136, "column": null } }
				],
				"line": 136
			},
			"7": {
				"loc": { "start": { "line": 138, "column": 3 }, "end": { "line": 142, "column": null } },
				"type": "cond-expr",
				"locations": [
					{ "start": { "line": 139, "column": 6 }, "end": { "line": 139, "column": null } },
					{ "start": { "line": 140, "column": 6 }, "end": { "line": 142, "column": null } }
				],
				"line": 138
			}
		},
		"s": {
			"0": 0,
			"1": 0,
			"2": 0,
			"3": 0,
			"4": 0,
			"5": 0,
			"6": 0,
			"7": 0,
			"8": 0,
			"9": 0,
			"10": 0,
			"11": 0,
			"12": 0,
			"13": 0,
			"14": 0,
			"15": 0,
			"16": 0,
			"17": 0
		},
		"f": { "0": 0, "1": 0, "2": 0 },
		"b": { "0": [0, 0], "1": [0], "2": [0, 0], "3": [0, 0], "4": [0, 0], "5": [0, 0], "6": [0, 0], "7": [0, 0] },
		"meta": {
			"lastBranch": 8,
			"lastFunction": 3,
			"lastStatement": 18,
			"seen": {
				"f:11:22:11:43": 0,
				"s:24:7:27:3": 0,
				"b:26:12:26:31:26:31:26:Infinity": 0,
				"s:28:24:32:3": 1,
				"s:33:7:38:3": 2,
				"s:40:1:47:Infinity": 3,
				"s:49:1:52:Infinity": 4,
				"f:55:22:55:40": 1,
				"b:59:16:59:Infinity": 1,
				"b:70:1:82:Infinity:undefined:undefined:undefined:undefined": 2,
				"s:70:1:82:Infinity": 5,
				"s:71:23:74:4": 6,
				"b:76:2:82:Infinity:undefined:undefined:undefined:undefined": 3,
				"s:76:2:82:Infinity": 7,
				"s:77:3:82:Infinity": 8,
				"s:86:24:91:3": 9,
				"b:93:1:99:Infinity:undefined:undefined:undefined:undefined": 4,
				"s:93:1:99:Infinity": 10,
				"s:94:2:99:Infinity": 11,
				"b:102:1:107:Infinity:undefined:undefined:undefined:undefined": 5,
				"s:102:1:107:Infinity": 12,
				"s:103:2:107:Infinity": 13,
				"s:110:23:110:91": 14,
				"s:111:1:115:Infinity": 15,
				"f:118:15:118:39": 2,
				"s:127:29:132:3": 16,
				"s:134:1:143:Infinity": 17,
				"b:136:16:136:47:136:47:136:Infinity": 6,
				"b:139:6:139:Infinity:140:6:142:Infinity": 7
			}
		}
	},
	"/Users/whyit/code/EvenLegion/arbiter-v3/src/lib/services/nickname/nicknameService.ts": {
		"path": "/Users/whyit/code/EvenLegion/arbiter-v3/src/lib/services/nickname/nicknameService.ts",
		"statementMap": {
			"0": { "start": { "line": 62, "column": 37 }, "end": { "line": 62, "column": null } },
			"1": { "start": { "line": 72, "column": 16 }, "end": { "line": 72, "column": 57 } },
			"2": { "start": { "line": 73, "column": 1 }, "end": { "line": 76, "column": null } },
			"3": { "start": { "line": 74, "column": 2 }, "end": { "line": 76, "column": null } },
			"4": { "start": { "line": 79, "column": 1 }, "end": { "line": 95, "column": null } },
			"5": { "start": { "line": 80, "column": 17 }, "end": { "line": 84, "column": 4 } },
			"6": { "start": { "line": 86, "column": 2 }, "end": { "line": 90, "column": null } },
			"7": { "start": { "line": 92, "column": 2 }, "end": { "line": 95, "column": null } },
			"8": { "start": { "line": 108, "column": 16 }, "end": { "line": 108, "column": 57 } },
			"9": { "start": { "line": 109, "column": 1 }, "end": { "line": 112, "column": null } },
			"10": { "start": { "line": 110, "column": 2 }, "end": { "line": 112, "column": null } },
			"11": { "start": { "line": 115, "column": 1 }, "end": { "line": 137, "column": null } },
			"12": { "start": { "line": 116, "column": 17 }, "end": { "line": 121, "column": 4 } },
			"13": { "start": { "line": 123, "column": 2 }, "end": { "line": 126, "column": null } },
			"14": { "start": { "line": 128, "column": 2 }, "end": { "line": 131, "column": null } },
			"15": { "start": { "line": 129, "column": 3 }, "end": { "line": 131, "column": null } },
			"16": { "start": { "line": 134, "column": 2 }, "end": { "line": 137, "column": null } },
			"17": { "start": { "line": 149, "column": 16 }, "end": { "line": 149, "column": 57 } },
			"18": { "start": { "line": 150, "column": 1 }, "end": { "line": 153, "column": null } },
			"19": { "start": { "line": 151, "column": 2 }, "end": { "line": 153, "column": null } },
			"20": { "start": { "line": 156, "column": 1 }, "end": { "line": 176, "column": null } },
			"21": { "start": { "line": 157, "column": 2 }, "end": { "line": 161, "column": null } },
			"22": { "start": { "line": 163, "column": 2 }, "end": { "line": 165, "column": null } },
			"23": { "start": { "line": 167, "column": 2 }, "end": { "line": 170, "column": null } },
			"24": { "start": { "line": 168, "column": 3 }, "end": { "line": 170, "column": null } },
			"25": { "start": { "line": 173, "column": 2 }, "end": { "line": 176, "column": null } },
			"26": { "start": { "line": 181, "column": 1 }, "end": { "line": 181, "column": null } }
		},
		"fnMap": {
			"0": {
				"name": "computeNicknameForUser",
				"decl": { "start": { "line": 64, "column": 22 }, "end": { "line": 64, "column": null } },
				"loc": { "start": { "line": 71, "column": 41 }, "end": { "line": 95, "column": null } },
				"line": 71
			},
			"1": {
				"name": "syncNicknameForUser",
				"decl": { "start": { "line": 99, "column": 22 }, "end": { "line": 99, "column": null } },
				"loc": { "start": { "line": 107, "column": 47 }, "end": { "line": 137, "column": null } },
				"line": 107
			},
			"2": {
				"name": "validateRequestedNickname",
				"decl": { "start": { "line": 141, "column": 22 }, "end": { "line": 141, "column": null } },
				"loc": { "start": { "line": 148, "column": 37 }, "end": { "line": 176, "column": null } },
				"line": 148
			},
			"3": {
				"name": "isNicknameTooLongError",
				"decl": { "start": { "line": 180, "column": 9 }, "end": { "line": 180, "column": 32 } },
				"loc": { "start": { "line": 180, "column": 48 }, "end": { "line": 181, "column": null } },
				"line": 180
			}
		},
		"branchMap": {
			"0": {
				"loc": { "start": { "line": 73, "column": 1 }, "end": { "line": 76, "column": null } },
				"type": "if",
				"locations": [
					{ "start": { "line": 73, "column": 1 }, "end": { "line": 76, "column": null } },
					{ "start": {}, "end": {} }
				],
				"line": 73
			},
			"1": {
				"loc": { "start": { "line": 109, "column": 1 }, "end": { "line": 112, "column": null } },
				"type": "if",
				"locations": [
					{ "start": { "line": 109, "column": 1 }, "end": { "line": 112, "column": null } },
					{ "start": {}, "end": {} }
				],
				"line": 109
			},
			"2": {
				"loc": { "start": { "line": 128, "column": 2 }, "end": { "line": 131, "column": null } },
				"type": "if",
				"locations": [
					{ "start": { "line": 128, "column": 2 }, "end": { "line": 131, "column": null } },
					{ "start": {}, "end": {} }
				],
				"line": 128
			},
			"3": {
				"loc": { "start": { "line": 150, "column": 1 }, "end": { "line": 153, "column": null } },
				"type": "if",
				"locations": [
					{ "start": { "line": 150, "column": 1 }, "end": { "line": 153, "column": null } },
					{ "start": {}, "end": {} }
				],
				"line": 150
			},
			"4": {
				"loc": { "start": { "line": 167, "column": 2 }, "end": { "line": 170, "column": null } },
				"type": "if",
				"locations": [
					{ "start": { "line": 167, "column": 2 }, "end": { "line": 170, "column": null } },
					{ "start": {}, "end": {} }
				],
				"line": 167
			},
			"5": {
				"loc": { "start": { "line": 181, "column": 8 }, "end": { "line": 181, "column": null } },
				"type": "binary-expr",
				"locations": [
					{ "start": { "line": 181, "column": 8 }, "end": { "line": 181, "column": 34 } },
					{ "start": { "line": 181, "column": 34 }, "end": { "line": 181, "column": null } }
				],
				"line": 181
			}
		},
		"s": {
			"0": 2,
			"1": 2,
			"2": 2,
			"3": 0,
			"4": 2,
			"5": 2,
			"6": 1,
			"7": 1,
			"8": 3,
			"9": 3,
			"10": 0,
			"11": 3,
			"12": 3,
			"13": 1,
			"14": 2,
			"15": 1,
			"16": 1,
			"17": 2,
			"18": 2,
			"19": 1,
			"20": 1,
			"21": 1,
			"22": 1,
			"23": 0,
			"24": 0,
			"25": 0,
			"26": 2
		},
		"f": { "0": 2, "1": 3, "2": 2, "3": 2 },
		"b": { "0": [0, 2], "1": [0, 3], "2": [1, 1], "3": [1, 1], "4": [0, 0], "5": [2, 2] },
		"meta": {
			"lastBranch": 6,
			"lastFunction": 4,
			"lastStatement": 27,
			"seen": {
				"s:62:37:62:Infinity": 0,
				"f:64:22:64:Infinity": 0,
				"s:72:16:72:57": 1,
				"b:73:1:76:Infinity:undefined:undefined:undefined:undefined": 0,
				"s:73:1:76:Infinity": 2,
				"s:74:2:76:Infinity": 3,
				"s:79:1:95:Infinity": 4,
				"s:80:17:84:4": 5,
				"s:86:2:90:Infinity": 6,
				"s:92:2:95:Infinity": 7,
				"f:99:22:99:Infinity": 1,
				"s:108:16:108:57": 8,
				"b:109:1:112:Infinity:undefined:undefined:undefined:undefined": 1,
				"s:109:1:112:Infinity": 9,
				"s:110:2:112:Infinity": 10,
				"s:115:1:137:Infinity": 11,
				"s:116:17:121:4": 12,
				"s:123:2:126:Infinity": 13,
				"b:128:2:131:Infinity:undefined:undefined:undefined:undefined": 2,
				"s:128:2:131:Infinity": 14,
				"s:129:3:131:Infinity": 15,
				"s:134:2:137:Infinity": 16,
				"f:141:22:141:Infinity": 2,
				"s:149:16:149:57": 17,
				"b:150:1:153:Infinity:undefined:undefined:undefined:undefined": 3,
				"s:150:1:153:Infinity": 18,
				"s:151:2:153:Infinity": 19,
				"s:156:1:176:Infinity": 20,
				"s:157:2:161:Infinity": 21,
				"s:163:2:165:Infinity": 22,
				"b:167:2:170:Infinity:undefined:undefined:undefined:undefined": 4,
				"s:167:2:170:Infinity": 23,
				"s:168:3:170:Infinity": 24,
				"s:173:2:176:Infinity": 25,
				"f:180:9:180:32": 3,
				"s:181:1:181:Infinity": 26,
				"b:181:8:181:34:181:34:181:Infinity": 5
			}
		}
	},
	"/Users/whyit/code/EvenLegion/arbiter-v3/src/listeners/commands/chatInputCommands/chatInputCommandDenied.ts": {
		"path": "/Users/whyit/code/EvenLegion/arbiter-v3/src/listeners/commands/chatInputCommands/chatInputCommandDenied.ts",
		"statementMap": {
			"0": { "start": { "line": 10, "column": 2 }, "end": { "line": 10, "column": null } },
			"1": { "start": { "line": 10, "column": 46 }, "end": { "line": 10, "column": null } },
			"2": { "start": { "line": 12, "column": 8 }, "end": { "line": 19, "column": 4 } },
			"3": { "start": { "line": 20, "column": 2 }, "end": { "line": 25, "column": null } },
			"4": { "start": { "line": 26, "column": 8 }, "end": { "line": 31, "column": 4 } },
			"5": { "start": { "line": 33, "column": 2 }, "end": { "line": 33, "column": null } }
		},
		"fnMap": {
			"0": {
				"name": "(anonymous_0)",
				"decl": { "start": { "line": 7, "column": 23 }, "end": { "line": 7, "column": 27 } },
				"loc": { "start": { "line": 7, "column": 117 }, "end": { "line": 33, "column": null } },
				"line": 7
			}
		},
		"branchMap": {
			"0": {
				"loc": { "start": { "line": 10, "column": 2 }, "end": { "line": 10, "column": null } },
				"type": "if",
				"locations": [
					{ "start": { "line": 10, "column": 2 }, "end": { "line": 10, "column": null } },
					{ "start": {}, "end": {} }
				],
				"line": 10
			}
		},
		"s": { "0": 1, "1": 0, "2": 1, "3": 1, "4": 1, "5": 1 },
		"f": { "0": 1 },
		"b": { "0": [0, 1] },
		"meta": {
			"lastBranch": 1,
			"lastFunction": 1,
			"lastStatement": 6,
			"seen": {
				"f:7:23:7:27": 0,
				"b:10:2:10:Infinity:undefined:undefined:undefined:undefined": 0,
				"s:10:2:10:Infinity": 0,
				"s:10:46:10:Infinity": 1,
				"s:12:8:19:4": 2,
				"s:20:2:25:Infinity": 3,
				"s:26:8:31:4": 4,
				"s:33:2:33:Infinity": 5
			}
		}
	},
	"/Users/whyit/code/EvenLegion/arbiter-v3/src/listeners/commands/chatInputCommands/chatInputCommandError.ts": {
		"path": "/Users/whyit/code/EvenLegion/arbiter-v3/src/listeners/commands/chatInputCommands/chatInputCommandError.ts",
		"statementMap": {
			"0": { "start": { "line": 7, "column": 8 }, "end": { "line": 15, "column": 4 } },
			"1": { "start": { "line": 16, "column": 17 }, "end": { "line": 16, "column": null } },
			"2": { "start": { "line": 17, "column": 8 }, "end": { "line": 22, "column": 4 } },
			"3": { "start": { "line": 24, "column": 2 }, "end": { "line": 29, "column": null } },
			"4": { "start": { "line": 31, "column": 2 }, "end": { "line": 33, "column": null } }
		},
		"fnMap": {
			"0": {
				"name": "(anonymous_0)",
				"decl": { "start": { "line": 6, "column": 23 }, "end": { "line": 6, "column": 27 } },
				"loc": { "start": { "line": 6, "column": 99 }, "end": { "line": 33, "column": null } },
				"line": 6
			}
		},
		"branchMap": {
			"0": {
				"loc": { "start": { "line": 13, "column": 17 }, "end": { "line": 13, "column": null } },
				"type": "binary-expr",
				"locations": [
					{ "start": { "line": 13, "column": 17 }, "end": { "line": 13, "column": 34 } },
					{ "start": { "line": 13, "column": 34 }, "end": { "line": 13, "column": null } }
				],
				"line": 13
			}
		},
		"s": { "0": 1, "1": 1, "2": 1, "3": 1, "4": 1 },
		"f": { "0": 1 },
		"b": { "0": [1, 0] },
		"meta": {
			"lastBranch": 1,
			"lastFunction": 1,
			"lastStatement": 5,
			"seen": {
				"f:6:23:6:27": 0,
				"s:7:8:15:4": 0,
				"b:13:17:13:34:13:34:13:Infinity": 0,
				"s:16:17:16:Infinity": 1,
				"s:17:8:22:4": 2,
				"s:24:2:29:Infinity": 3,
				"s:31:2:33:Infinity": 4
			}
		}
	},
	"/Users/whyit/code/EvenLegion/arbiter-v3/src/scheduled-tasks/eventTrackingTick.ts": {
		"path": "/Users/whyit/code/EvenLegion/arbiter-v3/src/scheduled-tasks/eventTrackingTick.ts",
		"statementMap": {
			"0": { "start": { "line": 10, "column": 2 }, "end": { "line": 13, "column": null } },
			"1": { "start": { "line": 17, "column": 2 }, "end": { "line": 18, "column": null } },
			"2": { "start": { "line": 18, "column": 3 }, "end": { "line": 18, "column": null } },
			"3": { "start": { "line": 21, "column": 8 }, "end": { "line": 24, "column": 4 } },
			"4": { "start": { "line": 26, "column": 2 }, "end": { "line": 38, "column": null } },
			"5": { "start": { "line": 27, "column": 3 }, "end": { "line": 29, "column": null } },
			"6": { "start": { "line": 30, "column": 3 }, "end": { "line": 30, "column": null } },
			"7": { "start": { "line": 32, "column": 3 }, "end": { "line": 37, "column": null } },
			"8": { "start": { "line": 38, "column": 3 }, "end": { "line": 38, "column": null } }
		},
		"fnMap": {
			"0": {
				"name": "(anonymous_0)",
				"decl": { "start": { "line": 9, "column": 1 }, "end": { "line": 9, "column": 8 } },
				"loc": { "start": { "line": 9, "column": 90 }, "end": { "line": 13, "column": null } },
				"line": 9
			},
			"1": {
				"name": "(anonymous_1)",
				"decl": { "start": { "line": 16, "column": 23 }, "end": { "line": 16, "column": 29 } },
				"loc": { "start": { "line": 16, "column": 29 }, "end": { "line": 38, "column": null } },
				"line": 16
			}
		},
		"branchMap": {
			"0": {
				"loc": { "start": { "line": 17, "column": 2 }, "end": { "line": 18, "column": null } },
				"type": "if",
				"locations": [
					{ "start": { "line": 17, "column": 2 }, "end": { "line": 18, "column": null } },
					{ "start": {}, "end": {} }
				],
				"line": 17
			}
		},
		"s": { "0": 0, "1": 1, "2": 0, "3": 1, "4": 1, "5": 1, "6": 1, "7": 0, "8": 0 },
		"f": { "0": 0, "1": 1 },
		"b": { "0": [0, 1] },
		"meta": {
			"lastBranch": 1,
			"lastFunction": 2,
			"lastStatement": 9,
			"seen": {
				"f:9:1:9:8": 0,
				"s:10:2:13:Infinity": 0,
				"f:16:23:16:29": 1,
				"b:17:2:18:Infinity:undefined:undefined:undefined:undefined": 0,
				"s:17:2:18:Infinity": 1,
				"s:18:3:18:Infinity": 2,
				"s:21:8:24:4": 3,
				"s:26:2:38:Infinity": 4,
				"s:27:3:29:Infinity": 5,
				"s:30:3:30:Infinity": 6,
				"s:32:3:37:Infinity": 7,
				"s:38:3:38:Infinity": 8
			}
		}
	},
	"/Users/whyit/code/EvenLegion/arbiter-v3/tests/support/logger.ts": {
		"path": "/Users/whyit/code/EvenLegion/arbiter-v3/tests/support/logger.ts",
		"statementMap": {
			"0": { "start": { "line": 16, "column": 16 }, "end": { "line": 24, "column": null } },
			"1": { "start": { "line": 26, "column": 1 }, "end": { "line": 26, "column": null } },
			"2": { "start": { "line": 26, "column": 39 }, "end": { "line": 26, "column": 46 } },
			"3": { "start": { "line": 28, "column": 1 }, "end": { "line": 28, "column": null } },
			"4": { "start": { "line": 38, "column": 1 }, "end": { "line": 41, "column": null } }
		},
		"fnMap": {
			"0": {
				"name": "createMockLogger",
				"decl": { "start": { "line": 15, "column": 16 }, "end": { "line": 15, "column": 47 } },
				"loc": { "start": { "line": 15, "column": 47 }, "end": { "line": 28, "column": null } },
				"line": 15
			},
			"1": {
				"name": "(anonymous_1)",
				"decl": { "start": { "line": 26, "column": 14 }, "end": { "line": 26, "column": 39 } },
				"loc": { "start": { "line": 26, "column": 39 }, "end": { "line": 26, "column": 46 } },
				"line": 26
			},
			"2": {
				"name": "createMockExecutionContext",
				"decl": { "start": { "line": 31, "column": 16 }, "end": { "line": 31, "column": 43 } },
				"loc": { "start": { "line": 37, "column": 26 }, "end": { "line": 41, "column": null } },
				"line": 37
			}
		},
		"branchMap": {
			"0": {
				"loc": { "start": { "line": 31, "column": 43 }, "end": { "line": 37, "column": 6 } },
				"type": "default-arg",
				"locations": [{ "start": { "line": 37, "column": 4 }, "end": { "line": 37, "column": 6 } }],
				"line": 31
			},
			"1": {
				"loc": { "start": { "line": 32, "column": 1 }, "end": { "line": 32, "column": null } },
				"type": "default-arg",
				"locations": [{ "start": { "line": 32, "column": 13 }, "end": { "line": 32, "column": null } }],
				"line": 32
			},
			"2": {
				"loc": { "start": { "line": 33, "column": 1 }, "end": { "line": 33, "column": 28 } },
				"type": "default-arg",
				"locations": [{ "start": { "line": 33, "column": 10 }, "end": { "line": 33, "column": 28 } }],
				"line": 33
			}
		},
		"s": { "0": 6, "1": 6, "2": 10, "3": 6, "4": 6 },
		"f": { "0": 6, "1": 10, "2": 6 },
		"b": { "0": [6], "1": [6], "2": [6] },
		"meta": {
			"lastBranch": 3,
			"lastFunction": 3,
			"lastStatement": 5,
			"seen": {
				"f:15:16:15:47": 0,
				"s:16:16:24:Infinity": 0,
				"s:26:1:26:Infinity": 1,
				"f:26:14:26:39": 1,
				"s:26:39:26:46": 2,
				"s:28:1:28:Infinity": 3,
				"f:31:16:31:43": 2,
				"b:37:4:37:6": 0,
				"b:32:13:32:Infinity": 1,
				"b:33:10:33:28": 2,
				"s:38:1:41:Infinity": 4
			}
		}
	}
}
